[2020-11-20 14:53:51.092] [exthost] [info] extension host started
[2020-11-20 14:53:51.107] [exthost] [info] ExtensionService#_doActivateExtension vscode.emmet {"startup":false,"extensionId":{"value":"vscode.emmet","_lower":"vscode.emmet"},"activationEvent":"onLanguage:html"}
[2020-11-20 14:53:51.107] [exthost] [info] ExtensionService#loadCommonJSModule file:///usr/lib/code/extensions/emmet/dist/node/emmetNodeMain
[2020-11-20 14:53:51.234] [exthost] [info] ExtensionService#_doActivateExtension vscode.html-language-features {"startup":false,"extensionId":{"value":"vscode.html-language-features","_lower":"vscode.html-language-features"},"activationEvent":"onLanguage:html"}
[2020-11-20 14:53:51.234] [exthost] [info] ExtensionService#loadCommonJSModule file:///usr/lib/code/extensions/html-language-features/client/dist/node/htmlClientMain
[2020-11-20 14:53:51.307] [exthost] [info] ExtensionService#_doActivateExtension vscode.debug-auto-launch {"startup":true,"extensionId":{"value":"vscode.debug-auto-launch","_lower":"vscode.debug-auto-launch"},"activationEvent":"*"}
[2020-11-20 14:53:51.307] [exthost] [info] ExtensionService#loadCommonJSModule file:///usr/lib/code/extensions/debug-auto-launch/dist/extension
[2020-11-20 14:53:51.345] [exthost] [info] ExtensionService#_doActivateExtension vscode.git {"startup":true,"extensionId":{"value":"vscode.github","_lower":"vscode.github"},"activationEvent":"*"}
[2020-11-20 14:53:51.345] [exthost] [info] ExtensionService#loadCommonJSModule file:///usr/lib/code/extensions/git/dist/main
[2020-11-20 14:53:51.528] [exthost] [info] ExtensionService#_doActivateExtension vscode.merge-conflict {"startup":true,"extensionId":{"value":"vscode.merge-conflict","_lower":"vscode.merge-conflict"},"activationEvent":"*"}
[2020-11-20 14:53:51.529] [exthost] [info] ExtensionService#loadCommonJSModule file:///usr/lib/code/extensions/merge-conflict/dist/mergeConflictMain
[2020-11-20 14:53:51.555] [exthost] [info] ExtensionService#_doActivateExtension vscode.search-result {"startup":true,"extensionId":{"value":"vscode.search-result","_lower":"vscode.search-result"},"activationEvent":"*"}
[2020-11-20 14:53:51.555] [exthost] [info] ExtensionService#loadCommonJSModule file:///usr/lib/code/extensions/search-result/dist/extension.js
[2020-11-20 14:53:51.570] [exthost] [info] ExtensionService#_doActivateExtension asvetliakov.vscode-neovim {"startup":true,"extensionId":{"value":"asvetliakov.vscode-neovim","_lower":"asvetliakov.vscode-neovim"},"activationEvent":"*"}
[2020-11-20 14:53:51.570] [exthost] [info] ExtensionService#loadCommonJSModule file:///home/alessandra/.vscode-oss/extensions/asvetliakov.vscode-neovim-0.0.63/dist/extension.js
[2020-11-20 14:53:51.800] [exthost] [info] ExtensionService#_doActivateExtension ms-vscode.js-debug {"startup":false,"extensionId":{"value":"ms-vscode.js-debug","_lower":"ms-vscode.js-debug"},"activationEvent":"onCommand:extension.js-debug.clearAutoAttachVariables"}
[2020-11-20 14:53:51.800] [exthost] [info] ExtensionService#loadCommonJSModule file:///usr/lib/code/extensions/ms-vscode.js-debug/src/extension.js
[2020-11-20 14:53:53.702] [exthost] [info] ExtensionService#_doActivateExtension vscode.github {"startup":true,"extensionId":{"value":"vscode.github","_lower":"vscode.github"},"activationEvent":"*"}
[2020-11-20 14:53:53.702] [exthost] [info] ExtensionService#loadCommonJSModule file:///usr/lib/code/extensions/github/dist/extension.js
[2020-11-20 14:53:53.965] [exthost] [info] eager extensions activated
[2020-11-20 15:00:43.367] [exthost] [info] extension host started
[2020-11-20 15:00:43.382] [exthost] [info] ExtensionService#_doActivateExtension vscode.debug-auto-launch {"startup":true,"extensionId":{"value":"vscode.debug-auto-launch","_lower":"vscode.debug-auto-launch"},"activationEvent":"*"}
[2020-11-20 15:00:43.382] [exthost] [info] ExtensionService#loadCommonJSModule file:///usr/lib/code/extensions/debug-auto-launch/dist/extension
[2020-11-20 15:00:43.384] [exthost] [info] ExtensionService#_doActivateExtension vscode.emmet {"startup":true,"extensionId":{"value":"vscode.emmet","_lower":"vscode.emmet"},"activationEvent":"*"}
[2020-11-20 15:00:43.384] [exthost] [info] ExtensionService#loadCommonJSModule file:///usr/lib/code/extensions/emmet/dist/node/emmetNodeMain
[2020-11-20 15:00:43.395] [exthost] [info] ExtensionService#_doActivateExtension vscode.git {"startup":true,"extensionId":{"value":"vscode.github","_lower":"vscode.github"},"activationEvent":"*"}
[2020-11-20 15:00:43.395] [exthost] [info] ExtensionService#loadCommonJSModule file:///usr/lib/code/extensions/git/dist/main
[2020-11-20 15:00:43.413] [exthost] [info] ExtensionService#_doActivateExtension vscode.merge-conflict {"startup":true,"extensionId":{"value":"vscode.merge-conflict","_lower":"vscode.merge-conflict"},"activationEvent":"*"}
[2020-11-20 15:00:43.413] [exthost] [info] ExtensionService#loadCommonJSModule file:///usr/lib/code/extensions/merge-conflict/dist/mergeConflictMain
[2020-11-20 15:00:43.415] [exthost] [info] ExtensionService#_doActivateExtension vscode.search-result {"startup":true,"extensionId":{"value":"vscode.search-result","_lower":"vscode.search-result"},"activationEvent":"*"}
[2020-11-20 15:00:43.415] [exthost] [info] ExtensionService#loadCommonJSModule file:///usr/lib/code/extensions/search-result/dist/extension.js
[2020-11-20 15:00:43.415] [exthost] [info] ExtensionService#_doActivateExtension asvetliakov.vscode-neovim {"startup":true,"extensionId":{"value":"asvetliakov.vscode-neovim","_lower":"asvetliakov.vscode-neovim"},"activationEvent":"*"}
[2020-11-20 15:00:43.415] [exthost] [info] ExtensionService#loadCommonJSModule file:///home/alessandra/.vscode-oss/extensions/asvetliakov.vscode-neovim-0.0.63/dist/extension.js
[2020-11-20 15:00:43.531] [exthost] [info] ExtensionService#_doActivateExtension ms-vscode.js-debug {"startup":false,"extensionId":{"value":"ms-vscode.js-debug","_lower":"ms-vscode.js-debug"},"activationEvent":"onCommand:extension.js-debug.clearAutoAttachVariables"}
[2020-11-20 15:00:43.531] [exthost] [info] ExtensionService#loadCommonJSModule file:///usr/lib/code/extensions/ms-vscode.js-debug/src/extension.js
[2020-11-20 15:00:43.597] [exthost] [info] ExtensionService#_doActivateExtension vscode.github {"startup":false,"extensionId":{"value":"vscode.github","_lower":"vscode.github"},"activationEvent":"*"}
[2020-11-20 15:00:43.597] [exthost] [info] ExtensionService#loadCommonJSModule file:///usr/lib/code/extensions/github/dist/extension.js
[2020-11-20 15:00:43.639] [exthost] [info] eager extensions activated
[2020-11-20 15:02:00.936] [exthost] [info] ExtensionService#_doActivateExtension vscode.extension-editing {"startup":false,"extensionId":{"value":"vscode.extension-editing","_lower":"vscode.extension-editing"},"activationEvent":"onLanguage:typescript"}
[2020-11-20 15:02:00.937] [exthost] [info] ExtensionService#loadCommonJSModule file:///usr/lib/code/extensions/extension-editing/dist/extensionEditingMain
[2020-11-20 15:02:01.156] [exthost] [info] ExtensionService#_doActivateExtension vscode.typescript-language-features {"startup":false,"extensionId":{"value":"vscode.typescript-language-features","_lower":"vscode.typescript-language-features"},"activationEvent":"onLanguage:typescript"}
[2020-11-20 15:02:01.157] [exthost] [info] ExtensionService#loadCommonJSModule file:///usr/lib/code/extensions/typescript-language-features/dist/extension
[2020-11-20 15:05:00.476] [exthost] [info] ExtensionService#_doActivateExtension vscode.html-language-features {"startup":false,"extensionId":{"value":"vscode.html-language-features","_lower":"vscode.html-language-features"},"activationEvent":"onLanguage:html"}
[2020-11-20 15:05:00.477] [exthost] [info] ExtensionService#loadCommonJSModule file:///usr/lib/code/extensions/html-language-features/client/dist/node/htmlClientMain
[2020-11-20 17:19:31.130] [exthost] [info] ExtensionService#_doActivateExtension vscode.css-language-features {"startup":false,"extensionId":{"value":"vscode.css-language-features","_lower":"vscode.css-language-features"},"activationEvent":"onLanguage:scss"}
[2020-11-20 17:19:31.130] [exthost] [info] ExtensionService#loadCommonJSModule file:///usr/lib/code/extensions/css-language-features/client/dist/node/cssClientMain
[2020-11-20 17:22:47.888] [exthost] [warning] [Decorations] CAPPING events from decorations provider vscode.git 265
[2020-11-20 17:22:53.000] [exthost] [warning] [Decorations] CAPPING events from decorations provider vscode.git 265
[2020-11-20 17:23:43.557] [exthost] [warning] [Decorations] CAPPING events from decorations provider vscode.git 265
[2020-11-20 17:24:03.993] [exthost] [warning] [Decorations] CAPPING events from decorations provider vscode.git 265
[2020-11-20 17:28:29.886] [exthost] [warning] [Decorations] CAPPING events from decorations provider vscode.git 269
[2020-11-20 17:28:56.055] [exthost] [warning] [Decorations] CAPPING events from decorations provider vscode.git 269
[2020-11-20 17:29:22.387] [exthost] [warning] [Decorations] CAPPING events from decorations provider vscode.git 269
[2020-11-20 17:31:08.270] [exthost] [warning] [Decorations] CAPPING events from decorations provider vscode.git 269
[2020-11-20 17:32:41.701] [exthost] [warning] [Decorations] CAPPING events from decorations provider vscode.git 269
[2020-11-20 17:33:11.791] [exthost] [warning] [Decorations] CAPPING events from decorations provider vscode.git 269
[2020-11-20 17:35:09.577] [exthost] [warning] [Decorations] CAPPING events from decorations provider vscode.git 269
[2020-11-20 17:37:48.247] [exthost] [warning] [Decorations] CAPPING events from decorations provider vscode.git 269
[2020-11-20 17:38:22.143] [exthost] [warning] [Decorations] CAPPING events from decorations provider vscode.git 269
[2020-11-20 17:38:45.760] [exthost] [warning] [Decorations] CAPPING events from decorations provider vscode.git 269
[2020-11-20 17:39:44.024] [exthost] [warning] [Decorations] CAPPING events from decorations provider vscode.git 269
[2020-11-20 17:39:57.330] [exthost] [warning] [Decorations] CAPPING events from decorations provider vscode.git 269
[2020-11-20 17:41:05.598] [exthost] [warning] [Decorations] CAPPING events from decorations provider vscode.git 269
[2020-11-20 17:42:02.061] [exthost] [warning] [Decorations] CAPPING events from decorations provider vscode.git 269
[2020-11-20 17:44:06.997] [exthost] [warning] [Decorations] CAPPING events from decorations provider vscode.git 269
[2020-11-20 17:45:37.916] [exthost] [warning] [Decorations] CAPPING events from decorations provider vscode.git 269
[2020-11-20 17:46:04.086] [exthost] [warning] [Decorations] CAPPING events from decorations provider vscode.git 269
[2020-11-20 17:47:54.681] [exthost] [warning] [Decorations] CAPPING events from decorations provider vscode.git 269
[2020-11-20 17:49:12.085] [exthost] [warning] [Decorations] CAPPING events from decorations provider vscode.git 269
[2020-11-20 17:50:04.430] [exthost] [warning] [Decorations] CAPPING events from decorations provider vscode.git 269
[2020-11-20 17:50:30.735] [exthost] [warning] [Decorations] CAPPING events from decorations provider vscode.git 269
[2020-11-20 17:52:45.994] [exthost] [warning] [Decorations] CAPPING events from decorations provider vscode.git 269
[2020-11-20 17:53:40.588] [exthost] [warning] [Decorations] CAPPING events from decorations provider vscode.git 269
[2020-11-20 17:54:59.881] [exthost] [warning] [Decorations] CAPPING events from decorations provider vscode.git 269
[2020-11-20 17:55:17.205] [exthost] [warning] [Decorations] CAPPING events from decorations provider vscode.git 269
[2020-11-20 17:56:54.773] [exthost] [warning] [Decorations] CAPPING events from decorations provider vscode.git 269
[2020-11-20 17:56:59.871] [exthost] [warning] [Decorations] CAPPING events from decorations provider vscode.git 269
[2020-11-20 18:00:44.669] [exthost] [warning] [Decorations] CAPPING events from decorations provider vscode.git 269
[2020-11-20 18:04:45.407] [exthost] [warning] [Decorations] CAPPING events from decorations provider vscode.git 269
[2020-11-20 18:06:07.518] [exthost] [warning] [Decorations] CAPPING events from decorations provider vscode.git 269
[2020-11-20 18:38:43.848] [exthost] [warning] [Decorations] CAPPING events from decorations provider vscode.git 269
[2020-11-20 18:39:06.968] [exthost] [warning] [Decorations] CAPPING events from decorations provider vscode.git 269
[2020-11-20 18:39:24.684] [exthost] [warning] [Decorations] CAPPING events from decorations provider vscode.git 269
[2020-11-20 18:40:23.808] [exthost] [warning] [Decorations] CAPPING events from decorations provider vscode.git 269
[2020-11-20 18:40:33.708] [exthost] [warning] [Decorations] CAPPING events from decorations provider vscode.git 269
[2020-11-20 18:41:39.285] [exthost] [warning] [Decorations] CAPPING events from decorations provider vscode.git 269
[2020-11-20 18:43:49.015] [exthost] [warning] [Decorations] CAPPING events from decorations provider vscode.git 269
[2020-11-20 19:34:36.765] [exthost] [warning] [Decorations] CAPPING events from decorations provider vscode.git 273
[2020-11-20 19:35:27.701] [exthost] [warning] [Decorations] CAPPING events from decorations provider vscode.git 273
[2020-11-20 19:35:35.088] [exthost] [warning] [Decorations] CAPPING events from decorations provider vscode.git 273
[2020-11-20 19:37:53.602] [exthost] [warning] [Decorations] CAPPING events from decorations provider vscode.git 273
[2020-11-20 19:39:07.246] [exthost] [warning] [Decorations] CAPPING events from decorations provider vscode.git 273
[2020-11-20 19:39:57.842] [exthost] [warning] [Decorations] CAPPING events from decorations provider vscode.git 273
[2020-11-20 19:40:37.210] [exthost] [warning] [Decorations] CAPPING events from decorations provider vscode.git 273
[2020-11-20 19:47:56.901] [exthost] [warning] [Decorations] CAPPING events from decorations provider vscode.git 273
[2020-11-20 19:48:42.170] [exthost] [warning] [Decorations] CAPPING events from decorations provider vscode.git 273
[2020-11-20 19:50:24.023] [exthost] [warning] [Decorations] CAPPING events from decorations provider vscode.git 273
[2020-11-20 19:50:39.000] [exthost] [warning] [Decorations] CAPPING events from decorations provider vscode.git 273
[2020-11-20 19:52:33.060] [exthost] [warning] [Decorations] CAPPING events from decorations provider vscode.git 273
[2020-11-20 19:52:54.917] [exthost] [warning] [Decorations] CAPPING events from decorations provider vscode.git 273
[2020-11-20 19:56:10.289] [exthost] [warning] [Decorations] CAPPING events from decorations provider vscode.git 273
[2020-11-20 20:03:38.664] [exthost] [warning] [Decorations] CAPPING events from decorations provider vscode.git 273
[2020-11-20 20:53:13.715] [exthost] [warning] [Decorations] CAPPING events from decorations provider vscode.git 273
[2020-11-20 21:08:55.912] [exthost] [warning] [Decorations] CAPPING events from decorations provider vscode.git 273
[2020-11-20 21:13:40.290] [exthost] [warning] [Decorations] CAPPING events from decorations provider vscode.git 273
[2020-11-20 21:13:47.336] [exthost] [warning] [Decorations] CAPPING events from decorations provider vscode.git 273
[2020-11-20 21:15:30.786] [exthost] [warning] [Decorations] CAPPING events from decorations provider vscode.git 273
[2020-11-20 21:16:37.949] [exthost] [warning] [Decorations] CAPPING events from decorations provider vscode.git 273
[2020-11-20 21:18:34.172] [exthost] [warning] [Decorations] CAPPING events from decorations provider vscode.git 273
[2020-11-20 21:20:29.508] [exthost] [warning] [Decorations] CAPPING events from decorations provider vscode.git 273
[2020-11-20 21:20:34.677] [exthost] [warning] [Decorations] CAPPING events from decorations provider vscode.git 273
[2020-11-20 21:22:31.376] [exthost] [warning] [Decorations] CAPPING events from decorations provider vscode.git 273
[2020-11-20 21:23:10.181] [exthost] [warning] [Decorations] CAPPING events from decorations provider vscode.git 273
[2020-11-20 21:25:19.530] [exthost] [warning] [Decorations] CAPPING events from decorations provider vscode.git 273
[2020-11-20 21:27:14.549] [exthost] [warning] [Decorations] CAPPING events from decorations provider vscode.git 273
[2020-11-20 21:33:04.804] [exthost] [warning] [Decorations] CAPPING events from decorations provider vscode.git 273
[2020-11-20 21:33:13.040] [exthost] [warning] [Decorations] CAPPING events from decorations provider vscode.git 273
[2020-11-20 21:55:13.606] [exthost] [warning] [Decorations] CAPPING events from decorations provider vscode.git 273
[2020-11-20 21:56:15.506] [exthost] [warning] [Decorations] CAPPING events from decorations provider vscode.git 273
[2020-11-20 21:57:23.818] [exthost] [warning] [Decorations] CAPPING events from decorations provider vscode.git 273
[2020-11-20 21:57:44.738] [exthost] [warning] [Decorations] CAPPING events from decorations provider vscode.git 273
[2020-11-20 21:57:56.391] [exthost] [warning] [Decorations] CAPPING events from decorations provider vscode.git 273
[2020-11-20 21:58:09.988] [exthost] [warning] [Decorations] CAPPING events from decorations provider vscode.git 273
[2020-11-20 22:00:49.199] [exthost] [warning] [Decorations] CAPPING events from decorations provider vscode.git 273
