Looking for git in: git
Using git 2.29.2 from git
> git rev-parse --git-dir
Open repository: /home/alessandra/git-sources/xgammer
> git status -z -u
> git check-ignore -v -z --stdin
> git check-ignore -v -z --stdin
> git symbolic-ref --short HEAD
> git rev-parse master
> git rev-parse --symbolic-full-name master@{u}
fatal: no upstream configured for branch 'master'
> git for-each-ref --sort -committerdate --format %(refname) %(objectname)
> git remote --verbose
> git config --get commit.template
> git show --textconv :src/app/v-usuario/v-usuario.component.ts
> git ls-files --stage -- /home/alessandra/git-sources/xgammer/src/app/v-usuario/v-usuario.component.ts
> git check-ignore -v -z --stdin
> git check-ignore -v -z --stdin
> git show --textconv :src/app/service/login.service.ts
> git ls-files --stage -- /home/alessandra/git-sources/xgammer/src/app/service/login.service.ts
> git show --textconv :src/app/service/juego.service.ts
> git ls-files --stage -- /home/alessandra/git-sources/xgammer/src/app/service/juego.service.ts
> git show --textconv :src/app/login/login.component.html
> git ls-files --stage -- /home/alessandra/git-sources/xgammer/src/app/login/login.component.html
> git show --textconv :src/app/login/login.component.ts
> git ls-files --stage -- /home/alessandra/git-sources/xgammer/src/app/login/login.component.ts
> git status -z -u
> git symbolic-ref --short HEAD
> git rev-parse master
> git rev-parse --symbolic-full-name master@{u}
fatal: no upstream configured for branch 'master'
> git for-each-ref --sort -committerdate --format %(refname) %(objectname)
> git remote --verbose
> git config --get commit.template
> git status -z -u
> git symbolic-ref --short HEAD
> git rev-parse master
> git rev-parse --symbolic-full-name master@{u}
fatal: no upstream configured for branch 'master'
> git for-each-ref --sort -committerdate --format %(refname) %(objectname)
> git remote --verbose
> git config --get commit.template
> git status -z -u
> git symbolic-ref --short HEAD
> git rev-parse master
> git rev-parse --symbolic-full-name master@{u}
fatal: no upstream configured for branch 'master'
> git for-each-ref --sort -committerdate --format %(refname) %(objectname)
> git remote --verbose
> git config --get commit.template
> git show --textconv :src/app/v-usuario/v-usuario.component.ts
> git ls-files --stage -- /home/alessandra/git-sources/xgammer/src/app/v-usuario/v-usuario.component.ts
> git status -z -u
> git symbolic-ref --short HEAD
> git rev-parse master
> git rev-parse --symbolic-full-name master@{u}
fatal: no upstream configured for branch 'master'
> git for-each-ref --sort -committerdate --format %(refname) %(objectname)
> git remote --verbose
> git show --textconv :src/app/login/login.component.ts
> git ls-files --stage -- /home/alessandra/git-sources/xgammer/src/app/login/login.component.ts
> git config --get commit.template
> git show --textconv :src/app/service/juego.service.ts
> git ls-files --stage -- /home/alessandra/git-sources/xgammer/src/app/service/juego.service.ts
> git status -z -u
> git symbolic-ref --short HEAD
> git rev-parse master
> git rev-parse --symbolic-full-name master@{u}
fatal: no upstream configured for branch 'master'
> git for-each-ref --sort -committerdate --format %(refname) %(objectname)
> git remote --verbose
> git config --get commit.template
> git show --textconv :src/app/login/login.component.ts
> git ls-files --stage -- /home/alessandra/git-sources/xgammer/src/app/login/login.component.ts
> git show --textconv :src/app/v-usuario/v-usuario.component.ts
> git ls-files --stage -- /home/alessandra/git-sources/xgammer/src/app/v-usuario/v-usuario.component.ts
> git show --textconv :src/app/v-usuario/v-usuario.component.html
> git ls-files --stage -- /home/alessandra/git-sources/xgammer/src/app/v-usuario/v-usuario.component.html
> git show --textconv :src/app/login/login.component.html
> git ls-files --stage -- /home/alessandra/git-sources/xgammer/src/app/login/login.component.html
> git show --textconv :src/app/inicio/inicio.component.ts
> git ls-files --stage -- /home/alessandra/git-sources/xgammer/src/app/inicio/inicio.component.ts
> git show --textconv :src/app/inicio/inicio.component.html
> git ls-files --stage -- /home/alessandra/git-sources/xgammer/src/app/inicio/inicio.component.html
> git show --textconv :src/app/v-usuario/v-usuario.component.ts
> git ls-files --stage -- /home/alessandra/git-sources/xgammer/src/app/v-usuario/v-usuario.component.ts
> git show --textconv :src/app/v-usuario/v-usuario.component.html
> git ls-files --stage -- /home/alessandra/git-sources/xgammer/src/app/v-usuario/v-usuario.component.html
> git status -z -u
> git symbolic-ref --short HEAD
> git rev-parse master
> git rev-parse --symbolic-full-name master@{u}
fatal: no upstream configured for branch 'master'
> git for-each-ref --sort -committerdate --format %(refname) %(objectname)
> git remote --verbose
> git config --get commit.template
> git show --textconv :src/app/login/login.component.html
> git ls-files --stage -- /home/alessandra/git-sources/xgammer/src/app/login/login.component.html
> git show --textconv :src/app/login/login.component.ts
> git ls-files --stage -- /home/alessandra/git-sources/xgammer/src/app/login/login.component.ts
> git show --textconv :src/app/inicio/inicio.component.ts
> git ls-files --stage -- /home/alessandra/git-sources/xgammer/src/app/inicio/inicio.component.ts
> git show --textconv :src/app/service/juego.service.ts
> git ls-files --stage -- /home/alessandra/git-sources/xgammer/src/app/service/juego.service.ts
> git show --textconv :src/app/login/login.component.ts
> git ls-files --stage -- /home/alessandra/git-sources/xgammer/src/app/login/login.component.ts
> git show --textconv :src/app/inicio/inicio.component.ts
> git ls-files --stage -- /home/alessandra/git-sources/xgammer/src/app/inicio/inicio.component.ts
> git show --textconv :src/app/service/juego.service.ts
> git ls-files --stage -- /home/alessandra/git-sources/xgammer/src/app/service/juego.service.ts
> git show --textconv :src/app/login/login.component.spec.ts
> git ls-files --stage -- /home/alessandra/git-sources/xgammer/src/app/login/login.component.spec.ts
> git show --textconv :src/app/login/login.component.ts
> git ls-files --stage -- /home/alessandra/git-sources/xgammer/src/app/login/login.component.ts
> git show --textconv :src/app/inicio/inicio.component.ts
> git ls-files --stage -- /home/alessandra/git-sources/xgammer/src/app/inicio/inicio.component.ts
> git show --textconv :src/app/service/juego.service.ts
> git ls-files --stage -- /home/alessandra/git-sources/xgammer/src/app/service/juego.service.ts
> git status -z -u
> git symbolic-ref --short HEAD
> git rev-parse master
> git rev-parse --symbolic-full-name master@{u}
fatal: no upstream configured for branch 'master'
> git for-each-ref --sort -committerdate --format %(refname) %(objectname)
> git remote --verbose
> git config --get commit.template
> git show --textconv :src/app/inicio/inicio.component.ts
> git ls-files --stage -- /home/alessandra/git-sources/xgammer/src/app/inicio/inicio.component.ts
> git show --textconv :src/app/v-usuario/v-usuario.component.ts
> git ls-files --stage -- /home/alessandra/git-sources/xgammer/src/app/v-usuario/v-usuario.component.ts
> git status -z -u
> git symbolic-ref --short HEAD
> git rev-parse master
> git rev-parse --symbolic-full-name master@{u}
fatal: no upstream configured for branch 'master'
> git for-each-ref --sort -committerdate --format %(refname) %(objectname)
> git remote --verbose
> git config --get commit.template
> git status -z -u
> git symbolic-ref --short HEAD
> git rev-parse master
> git rev-parse --symbolic-full-name master@{u}
fatal: no upstream configured for branch 'master'
> git for-each-ref --sort -committerdate --format %(refname) %(objectname)
> git remote --verbose
> git config --get commit.template
> git show --textconv :src/app/cuenta/cuenta.component.ts
> git ls-files --stage -- /home/alessandra/git-sources/xgammer/src/app/cuenta/cuenta.component.ts
> git show --textconv :src/app/dto/LoginO.ts
> git ls-files --stage -- /home/alessandra/git-sources/xgammer/src/app/dto/LoginO.ts
> git show --textconv :src/app/login/login.component.ts
> git ls-files --stage -- /home/alessandra/git-sources/xgammer/src/app/login/login.component.ts
> git show --textconv :src/app/service/juego.service.ts
> git ls-files --stage -- /home/alessandra/git-sources/xgammer/src/app/service/juego.service.ts
> git show --textconv :src/app/dto/Usuario.ts
> git ls-files --stage -- /home/alessandra/git-sources/xgammer/src/app/dto/Usuario.ts
> git status -z -u
> git symbolic-ref --short HEAD
> git rev-parse master
> git rev-parse --symbolic-full-name master@{u}
fatal: no upstream configured for branch 'master'
> git for-each-ref --sort -committerdate --format %(refname) %(objectname)
> git remote --verbose
> git config --get commit.template
> git show --textconv :src/app/service/juego.service.ts
> git ls-files --stage -- /home/alessandra/git-sources/xgammer/src/app/service/juego.service.ts
> git show --textconv :src/app/dto/Juego.ts
> git ls-files --stage -- /home/alessandra/git-sources/xgammer/src/app/dto/Juego.ts
> git show --textconv :src/app/dto/Usuario.ts
> git ls-files --stage -- /home/alessandra/git-sources/xgammer/src/app/dto/Usuario.ts
> git status -z -u
> git symbolic-ref --short HEAD
> git rev-parse master
> git rev-parse --symbolic-full-name master@{u}
fatal: no upstream configured for branch 'master'
> git for-each-ref --sort -committerdate --format %(refname) %(objectname)
> git remote --verbose
> git config --get commit.template
> git show --textconv :src/app/service/juego.service.ts
> git ls-files --stage -- /home/alessandra/git-sources/xgammer/src/app/service/juego.service.ts
> git show --textconv :src/app/dto/Usuario.ts
> git ls-files --stage -- /home/alessandra/git-sources/xgammer/src/app/dto/Usuario.ts
> git status -z -u
> git symbolic-ref --short HEAD
> git rev-parse master
> git rev-parse --symbolic-full-name master@{u}
fatal: no upstream configured for branch 'master'
> git for-each-ref --sort -committerdate --format %(refname) %(objectname)
> git remote --verbose
> git config --get commit.template
> git show --textconv :src/app/service/juego.service.ts
> git ls-files --stage -- /home/alessandra/git-sources/xgammer/src/app/service/juego.service.ts
> git status -z -u
> git symbolic-ref --short HEAD
> git rev-parse master
> git rev-parse --symbolic-full-name master@{u}
fatal: no upstream configured for branch 'master'
> git for-each-ref --sort -committerdate --format %(refname) %(objectname)
> git remote --verbose
> git config --get commit.template
> git status -z -u
> git symbolic-ref --short HEAD
> git rev-parse master
> git rev-parse --symbolic-full-name master@{u}
fatal: no upstream configured for branch 'master'
> git for-each-ref --sort -committerdate --format %(refname) %(objectname)
> git remote --verbose
> git config --get commit.template
> git status -z -u
> git symbolic-ref --short HEAD
> git rev-parse master
> git rev-parse --symbolic-full-name master@{u}
fatal: no upstream configured for branch 'master'
> git for-each-ref --sort -committerdate --format %(refname) %(objectname)
> git remote --verbose
> git config --get commit.template
> git status -z -u
> git symbolic-ref --short HEAD
> git rev-parse master
> git rev-parse --symbolic-full-name master@{u}
fatal: no upstream configured for branch 'master'
> git for-each-ref --sort -committerdate --format %(refname) %(objectname)
> git remote --verbose
> git config --get commit.template
> git status -z -u
> git symbolic-ref --short HEAD
> git rev-parse master
> git rev-parse --symbolic-full-name master@{u}
fatal: no upstream configured for branch 'master'
> git for-each-ref --sort -committerdate --format %(refname) %(objectname)
> git remote --verbose
> git config --get commit.template
> git status -z -u
> git symbolic-ref --short HEAD
> git rev-parse master
> git rev-parse --symbolic-full-name master@{u}
fatal: no upstream configured for branch 'master'
> git for-each-ref --sort -committerdate --format %(refname) %(objectname)
> git remote --verbose
> git config --get commit.template
> git show --textconv :src/app/cuenta/cuenta.component.ts
> git ls-files --stage -- /home/alessandra/git-sources/xgammer/src/app/cuenta/cuenta.component.ts
> git show --textconv :src/app/cuenta/cuenta.component.html
> git ls-files --stage -- /home/alessandra/git-sources/xgammer/src/app/cuenta/cuenta.component.html
> git show --textconv :src/app/service/juego.service.ts
> git ls-files --stage -- /home/alessandra/git-sources/xgammer/src/app/service/juego.service.ts
> git status -z -u
> git symbolic-ref --short HEAD
> git rev-parse master
> git rev-parse --symbolic-full-name master@{u}
fatal: no upstream configured for branch 'master'
> git for-each-ref --sort -committerdate --format %(refname) %(objectname)
> git remote --verbose
> git config --get commit.template
> git show --textconv :src/app/cuenta/cuenta.component.ts
> git ls-files --stage -- /home/alessandra/git-sources/xgammer/src/app/cuenta/cuenta.component.ts
> git status -z -u
> git symbolic-ref --short HEAD
> git rev-parse master
> git rev-parse --symbolic-full-name master@{u}
fatal: no upstream configured for branch 'master'
> git for-each-ref --sort -committerdate --format %(refname) %(objectname)
> git remote --verbose
> git config --get commit.template
> git status -z -u
> git symbolic-ref --short HEAD
> git rev-parse master
> git rev-parse --symbolic-full-name master@{u}
fatal: no upstream configured for branch 'master'
> git for-each-ref --sort -committerdate --format %(refname) %(objectname)
> git remote --verbose
> git config --get commit.template
> git status -z -u
> git symbolic-ref --short HEAD
> git rev-parse master
> git rev-parse --symbolic-full-name master@{u}
fatal: no upstream configured for branch 'master'
> git for-each-ref --sort -committerdate --format %(refname) %(objectname)
> git remote --verbose
> git config --get commit.template
> git status -z -u
> git symbolic-ref --short HEAD
> git rev-parse master
> git rev-parse --symbolic-full-name master@{u}
fatal: no upstream configured for branch 'master'
> git for-each-ref --sort -committerdate --format %(refname) %(objectname)
> git remote --verbose
> git config --get commit.template
> git status -z -u
> git symbolic-ref --short HEAD
> git rev-parse master
> git rev-parse --symbolic-full-name master@{u}
fatal: no upstream configured for branch 'master'
> git for-each-ref --sort -committerdate --format %(refname) %(objectname)
> git remote --verbose
> git config --get commit.template
> git status -z -u
> git symbolic-ref --short HEAD
> git rev-parse master
> git rev-parse --symbolic-full-name master@{u}
fatal: no upstream configured for branch 'master'
> git for-each-ref --sort -committerdate --format %(refname) %(objectname)
> git remote --verbose
> git config --get commit.template
> git show --textconv :src/app/inicio/inicio.component.ts
> git ls-files --stage -- /home/alessandra/git-sources/xgammer/src/app/inicio/inicio.component.ts
> git show --textconv :src/app/login/login.component.ts
> git ls-files --stage -- /home/alessandra/git-sources/xgammer/src/app/login/login.component.ts
> git show --textconv :src/app/service/juego.service.ts
> git ls-files --stage -- /home/alessandra/git-sources/xgammer/src/app/service/juego.service.ts
> git show --textconv :src/app/dto/Usuario.ts
> git ls-files --stage -- /home/alessandra/git-sources/xgammer/src/app/dto/Usuario.ts
> git show --textconv :src/app/dto/Juego.ts
> git ls-files --stage -- /home/alessandra/git-sources/xgammer/src/app/dto/Juego.ts
> git show --textconv :src/app/dto/LoginO.ts
> git ls-files --stage -- /home/alessandra/git-sources/xgammer/src/app/dto/LoginO.ts
> git status -z -u
> git symbolic-ref --short HEAD
> git rev-parse master
> git rev-parse --symbolic-full-name master@{u}
fatal: no upstream configured for branch 'master'
> git for-each-ref --sort -committerdate --format %(refname) %(objectname)
> git remote --verbose
> git config --get commit.template
> git show --textconv :src/app/service/juego.service.ts
> git ls-files --stage -- /home/alessandra/git-sources/xgammer/src/app/service/juego.service.ts
> git status -z -u
> git symbolic-ref --short HEAD
> git rev-parse master
> git rev-parse --symbolic-full-name master@{u}
fatal: no upstream configured for branch 'master'
> git for-each-ref --sort -committerdate --format %(refname) %(objectname)
> git remote --verbose
> git config --get commit.template
> git status -z -u
> git symbolic-ref --short HEAD
> git rev-parse master
> git rev-parse --symbolic-full-name master@{u}
fatal: no upstream configured for branch 'master'
> git for-each-ref --sort -committerdate --format %(refname) %(objectname)
> git remote --verbose
> git config --get commit.template
> git status -z -u
> git symbolic-ref --short HEAD
> git rev-parse master
> git rev-parse --symbolic-full-name master@{u}
fatal: no upstream configured for branch 'master'
> git for-each-ref --sort -committerdate --format %(refname) %(objectname)
> git remote --verbose
> git config --get commit.template
> git status -z -u
> git symbolic-ref --short HEAD
> git rev-parse master
> git rev-parse --symbolic-full-name master@{u}
fatal: no upstream configured for branch 'master'
> git for-each-ref --sort -committerdate --format %(refname) %(objectname)
> git remote --verbose
> git config --get commit.template
> git show --textconv :src/app/cuenta/cuenta.component.ts
> git ls-files --stage -- /home/alessandra/git-sources/xgammer/src/app/cuenta/cuenta.component.ts
> git status -z -u
> git symbolic-ref --short HEAD
> git rev-parse master
> git rev-parse --symbolic-full-name master@{u}
fatal: no upstream configured for branch 'master'
> git for-each-ref --sort -committerdate --format %(refname) %(objectname)
> git remote --verbose
> git config --get commit.template
> git status -z -u
> git symbolic-ref --short HEAD
> git rev-parse master
> git rev-parse --symbolic-full-name master@{u}
fatal: no upstream configured for branch 'master'
> git for-each-ref --sort -committerdate --format %(refname) %(objectname)
> git remote --verbose
> git config --get commit.template
> git show --textconv :src/app/cuenta/cuenta.component.html
> git ls-files --stage -- /home/alessandra/git-sources/xgammer/src/app/cuenta/cuenta.component.html
> git show --textconv :src/app/cuenta/cuenta.component.ts
> git ls-files --stage -- /home/alessandra/git-sources/xgammer/src/app/cuenta/cuenta.component.ts
> git show --textconv :src/app/service/juego.service.ts
> git ls-files --stage -- /home/alessandra/git-sources/xgammer/src/app/service/juego.service.ts
> git status -z -u
> git symbolic-ref --short HEAD
> git rev-parse master
> git rev-parse --symbolic-full-name master@{u}
fatal: no upstream configured for branch 'master'
> git for-each-ref --sort -committerdate --format %(refname) %(objectname)
> git remote --verbose
> git config --get commit.template
> git show --textconv :src/app/cuenta/cuenta.component.ts
> git ls-files --stage -- /home/alessandra/git-sources/xgammer/src/app/cuenta/cuenta.component.ts
> git show --textconv :src/app/inicio/inicio.component.ts
> git ls-files --stage -- /home/alessandra/git-sources/xgammer/src/app/inicio/inicio.component.ts
> git show --textconv :src/app/cuenta/cuenta.component.ts
> git ls-files --stage -- /home/alessandra/git-sources/xgammer/src/app/cuenta/cuenta.component.ts
> git status -z -u
> git symbolic-ref --short HEAD
> git rev-parse master
> git rev-parse --symbolic-full-name master@{u}
fatal: no upstream configured for branch 'master'
> git for-each-ref --sort -committerdate --format %(refname) %(objectname)
> git remote --verbose
> git config --get commit.template
> git status -z -u
> git symbolic-ref --short HEAD
> git rev-parse master
> git rev-parse --symbolic-full-name master@{u}
fatal: no upstream configured for branch 'master'
> git for-each-ref --sort -committerdate --format %(refname) %(objectname)
> git remote --verbose
> git config --get commit.template
> git show --textconv :src/app/cuenta/cuenta.component.html
> git ls-files --stage -- /home/alessandra/git-sources/xgammer/src/app/cuenta/cuenta.component.html
> git status -z -u
> git symbolic-ref --short HEAD
> git rev-parse master
> git rev-parse --symbolic-full-name master@{u}
fatal: no upstream configured for branch 'master'
> git for-each-ref --sort -committerdate --format %(refname) %(objectname)
> git remote --verbose
> git config --get commit.template
> git status -z -u
> git symbolic-ref --short HEAD
> git rev-parse master
> git rev-parse --symbolic-full-name master@{u}
fatal: no upstream configured for branch 'master'
> git for-each-ref --sort -committerdate --format %(refname) %(objectname)
> git remote --verbose
> git config --get commit.template
> git show --textconv :src/app/cuenta/cuenta.component.ts
> git ls-files --stage -- /home/alessandra/git-sources/xgammer/src/app/cuenta/cuenta.component.ts
> git status -z -u
> git symbolic-ref --short HEAD
> git rev-parse master
> git rev-parse --symbolic-full-name master@{u}
fatal: no upstream configured for branch 'master'
> git for-each-ref --sort -committerdate --format %(refname) %(objectname)
> git remote --verbose
> git config --get commit.template
> git show --textconv :src/app/login/login.component.html
> git ls-files --stage -- /home/alessandra/git-sources/xgammer/src/app/login/login.component.html
> git show --textconv :src/app/service/juego.service.ts
> git ls-files --stage -- /home/alessandra/git-sources/xgammer/src/app/service/juego.service.ts
> git show --textconv :src/app/cuenta/cuenta.component.html
> git ls-files --stage -- /home/alessandra/git-sources/xgammer/src/app/cuenta/cuenta.component.html
> git status -z -u
> git symbolic-ref --short HEAD
> git rev-parse master
> git rev-parse --symbolic-full-name master@{u}
fatal: no upstream configured for branch 'master'
> git for-each-ref --sort -committerdate --format %(refname) %(objectname)
> git remote --verbose
> git config --get commit.template
> git show --textconv :src/app/cuenta/cuenta.component.ts
> git ls-files --stage -- /home/alessandra/git-sources/xgammer/src/app/cuenta/cuenta.component.ts
> git show --textconv :src/app/service/juego.service.ts
> git ls-files --stage -- /home/alessandra/git-sources/xgammer/src/app/service/juego.service.ts
> git show --textconv :src/app/cuenta/cuenta.component.ts
> git ls-files --stage -- /home/alessandra/git-sources/xgammer/src/app/cuenta/cuenta.component.ts
> git show --textconv :src/app/service/juego.service.ts
> git ls-files --stage -- /home/alessandra/git-sources/xgammer/src/app/service/juego.service.ts
> git show --textconv :src/app/login/login.component.html
> git ls-files --stage -- /home/alessandra/git-sources/xgammer/src/app/login/login.component.html
> git show --textconv :src/app/cuenta/cuenta.component.html
> git ls-files --stage -- /home/alessandra/git-sources/xgammer/src/app/cuenta/cuenta.component.html
> git status -z -u
> git symbolic-ref --short HEAD
> git rev-parse master
> git rev-parse --symbolic-full-name master@{u}
fatal: no upstream configured for branch 'master'
> git for-each-ref --sort -committerdate --format %(refname) %(objectname)
> git remote --verbose
> git config --get commit.template
> git status -z -u
> git symbolic-ref --short HEAD
> git rev-parse master
> git rev-parse --symbolic-full-name master@{u}
fatal: no upstream configured for branch 'master'
> git for-each-ref --sort -committerdate --format %(refname) %(objectname)
> git remote --verbose
> git config --get commit.template
> git show --textconv :src/app/cuenta/cuenta.component.ts
> git ls-files --stage -- /home/alessandra/git-sources/xgammer/src/app/cuenta/cuenta.component.ts
> git show --textconv :src/app/cuenta/cuenta.component.html
> git ls-files --stage -- /home/alessandra/git-sources/xgammer/src/app/cuenta/cuenta.component.html
> git status -z -u
> git symbolic-ref --short HEAD
> git rev-parse master
> git rev-parse --symbolic-full-name master@{u}
fatal: no upstream configured for branch 'master'
> git for-each-ref --sort -committerdate --format %(refname) %(objectname)
> git remote --verbose
> git config --get commit.template
> git show --textconv :src/app/cuenta/cuenta.component.ts
> git ls-files --stage -- /home/alessandra/git-sources/xgammer/src/app/cuenta/cuenta.component.ts
> git status -z -u
> git symbolic-ref --short HEAD
> git rev-parse master
> git rev-parse --symbolic-full-name master@{u}
fatal: no upstream configured for branch 'master'
> git for-each-ref --sort -committerdate --format %(refname) %(objectname)
> git remote --verbose
> git config --get commit.template
> git show --textconv :src/app/service/juego.service.ts
> git ls-files --stage -- /home/alessandra/git-sources/xgammer/src/app/service/juego.service.ts
> git status -z -u
> git symbolic-ref --short HEAD
> git rev-parse master
> git rev-parse --symbolic-full-name master@{u}
fatal: no upstream configured for branch 'master'
> git for-each-ref --sort -committerdate --format %(refname) %(objectname)
> git remote --verbose
> git config --get commit.template
> git status -z -u
> git symbolic-ref --short HEAD
> git rev-parse master
> git rev-parse --symbolic-full-name master@{u}
fatal: no upstream configured for branch 'master'
> git for-each-ref --sort -committerdate --format %(refname) %(objectname)
> git remote --verbose
> git config --get commit.template
