Mono path[0] = '/home/alessandra/.local/share/Steam/steamapps/common/Superliminal/Superliminal_Data/Managed'
Mono config path = '/home/alessandra/.local/share/Steam/steamapps/common/Superliminal/Superliminal_Data/MonoBleedingEdge/etc'
Preloaded 'libStandaloneFileBrowser.so'
Preloaded 'lib_burst_generated.so'
Preloaded 'libfmodsuper.so'
Preloaded 'libgvraudio.so'
Preloaded 'libopenvr_api.so'
Preloaded 'libresonanceaudio.so'
Preloaded 'libsteam_api.so'
Preloaded 'libvhacd.so'
Display 0 'LE19W037 19"': 1360x768 (primary device).
Display 1 '1': 1366x768 (secondary device).
Desktop is 1360 x 768 @ 60 Hz
[Vulkan init] extensions: count=18
[Vulkan init] extensions: name=VK_KHR_device_group_creation, enabled=0
[Vulkan init] extensions: name=VK_KHR_display, enabled=1
[Vulkan init] extensions: name=VK_KHR_external_fence_capabilities, enabled=0
[Vulkan init] extensions: name=VK_KHR_external_memory_capabilities, enabled=0
[Vulkan init] extensions: name=VK_KHR_external_semaphore_capabilities, enabled=0
[Vulkan init] extensions: name=VK_KHR_get_display_properties2, enabled=0
[Vulkan init] extensions: name=VK_KHR_get_physical_device_properties2, enabled=0
[Vulkan init] extensions: name=VK_KHR_get_surface_capabilities2, enabled=0
[Vulkan init] extensions: name=VK_KHR_surface, enabled=1
[Vulkan init] extensions: name=VK_KHR_surface_protected_capabilities, enabled=0
[Vulkan init] extensions: name=VK_KHR_xcb_surface, enabled=0
[Vulkan init] extensions: name=VK_KHR_xlib_surface, enabled=1
[Vulkan init] extensions: name=VK_EXT_acquire_xlib_display, enabled=0
[Vulkan init] extensions: name=VK_EXT_debug_report, enabled=0
[Vulkan init] extensions: name=VK_EXT_debug_utils, enabled=0
[Vulkan init] extensions: name=VK_EXT_direct_mode_display, enabled=0
[Vulkan init] extensions: name=VK_EXT_display_surface_counter, enabled=0
[Vulkan init] extensions: name=VK_KHR_wayland_surface, enabled=1
INTEL-MESA: warning: Performance support disabled, consider sysctl dev.i915.perf_stream_paranoid=0

Vulkan detection: 2
Initialize engine version: 2019.4.14f1 (4037e52648cd)
[Subsystems] Discovering subsystems at path /home/alessandra/.local/share/Steam/steamapps/common/Superliminal/Superliminal_Data/UnitySubsystems
GfxDevice: creating device client; threaded=1
[Vulkan init] extensions: count=18
[Vulkan init] extensions: name=VK_KHR_device_group_creation, enabled=0
[Vulkan init] extensions: name=VK_KHR_display, enabled=1
[Vulkan init] extensions: name=VK_KHR_external_fence_capabilities, enabled=0
[Vulkan init] extensions: name=VK_KHR_external_memory_capabilities, enabled=0
[Vulkan init] extensions: name=VK_KHR_external_semaphore_capabilities, enabled=0
[Vulkan init] extensions: name=VK_KHR_get_display_properties2, enabled=0
[Vulkan init] extensions: name=VK_KHR_get_physical_device_properties2, enabled=0
[Vulkan init] extensions: name=VK_KHR_get_surface_capabilities2, enabled=0
[Vulkan init] extensions: name=VK_KHR_surface, enabled=1
[Vulkan init] extensions: name=VK_KHR_surface_protected_capabilities, enabled=0
[Vulkan init] extensions: name=VK_KHR_xcb_surface, enabled=0
[Vulkan init] extensions: name=VK_KHR_xlib_surface, enabled=1
[Vulkan init] extensions: name=VK_EXT_acquire_xlib_display, enabled=0
[Vulkan init] extensions: name=VK_EXT_debug_report, enabled=0
[Vulkan init] extensions: name=VK_EXT_debug_utils, enabled=0
[Vulkan init] extensions: name=VK_EXT_direct_mode_display, enabled=0
[Vulkan init] extensions: name=VK_EXT_display_surface_counter, enabled=0
[Vulkan init] extensions: name=VK_KHR_wayland_surface, enabled=1
[Vulkan init] SelectPhysicalDevice requestedDeviceIndex=-1 xrDevice=(nil)
INTEL-MESA: warning: Performance support disabled, consider sysctl dev.i915.perf_stream_paranoid=0

[Vulkan init] Physical Device 0x1703be0 [0]: "GeForce MX130" deviceType=2 vendorID=10de deviceID=174d
[Vulkan init] Selected physical device 0x1703be0
[Vulkan init] Graphics queue count=1
[Vulkan init] extensions: count=86
[Vulkan init] extensions: name=VK_KHR_16bit_storage, enabled=0
[Vulkan init] extensions: name=VK_KHR_8bit_storage, enabled=0
[Vulkan init] extensions: name=VK_KHR_bind_memory2, enabled=0
[Vulkan init] extensions: name=VK_KHR_buffer_device_address, enabled=0
[Vulkan init] extensions: name=VK_KHR_create_renderpass2, enabled=0
[Vulkan init] extensions: name=VK_KHR_dedicated_allocation, enabled=1
[Vulkan init] extensions: name=VK_KHR_depth_stencil_resolve, enabled=0
[Vulkan init] extensions: name=VK_KHR_descriptor_update_template, enabled=1
[Vulkan init] extensions: name=VK_KHR_device_group, enabled=0
[Vulkan init] extensions: name=VK_KHR_draw_indirect_count, enabled=0
[Vulkan init] extensions: name=VK_KHR_driver_properties, enabled=0
[Vulkan init] extensions: name=VK_KHR_external_fence, enabled=0
[Vulkan init] extensions: name=VK_KHR_external_fence_fd, enabled=0
[Vulkan init] extensions: name=VK_KHR_external_memory, enabled=0
[Vulkan init] extensions: name=VK_KHR_external_memory_fd, enabled=0
[Vulkan init] extensions: name=VK_KHR_external_semaphore, enabled=0
[Vulkan init] extensions: name=VK_KHR_external_semaphore_fd, enabled=0
[Vulkan init] extensions: name=VK_KHR_get_memory_requirements2, enabled=1
[Vulkan init] extensions: name=VK_KHR_image_format_list, enabled=1
[Vulkan init] extensions: name=VK_KHR_imageless_framebuffer, enabled=0
[Vulkan init] extensions: name=VK_KHR_maintenance1, enabled=1
[Vulkan init] extensions: name=VK_KHR_maintenance2, enabled=1
[Vulkan init] extensions: name=VK_KHR_maintenance3, enabled=0
[Vulkan init] extensions: name=VK_KHR_multiview, enabled=1
[Vulkan init] extensions: name=VK_KHR_pipeline_executable_properties, enabled=0
[Vulkan init] extensions: name=VK_KHR_push_descriptor, enabled=0
[Vulkan init] extensions: name=VK_KHR_relaxed_block_layout, enabled=0
[Vulkan init] extensions: name=VK_KHR_sampler_mirror_clamp_to_edge, enabled=1
[Vulkan init] extensions: name=VK_KHR_sampler_ycbcr_conversion, enabled=0
[Vulkan init] extensions: name=VK_KHR_separate_depth_stencil_layouts, enabled=0
[Vulkan init] extensions: name=VK_KHR_shader_atomic_int64, enabled=0
[Vulkan init] extensions: name=VK_KHR_shader_clock, enabled=0
[Vulkan init] extensions: name=VK_KHR_shader_draw_parameters, enabled=0
[Vulkan init] extensions: name=VK_KHR_shader_float16_int8, enabled=0
[Vulkan init] extensions: name=VK_KHR_shader_float_controls, enabled=0
[Vulkan init] extensions: name=VK_KHR_shader_non_semantic_info, enabled=0
[Vulkan init] extensions: name=VK_KHR_shader_subgroup_extended_types, enabled=0
[Vulkan init] extensions: name=VK_KHR_spirv_1_4, enabled=0
[Vulkan init] extensions: name=VK_KHR_storage_buffer_storage_class, enabled=0
[Vulkan init] extensions: name=VK_KHR_swapchain, enabled=1
[Vulkan init] extensions: name=VK_KHR_swapchain_mutable_format, enabled=0
[Vulkan init] extensions: name=VK_KHR_timeline_semaphore, enabled=0
[Vulkan init] extensions: name=VK_KHR_uniform_buffer_standard_layout, enabled=0
[Vulkan init] extensions: name=VK_KHR_variable_pointers, enabled=0
[Vulkan init] extensions: name=VK_KHR_vulkan_memory_model, enabled=0
[Vulkan init] extensions: name=VK_EXT_blend_operation_advanced, enabled=0
[Vulkan init] extensions: name=VK_EXT_buffer_device_address, enabled=0
[Vulkan init] extensions: name=VK_EXT_calibrated_timestamps, enabled=0
[Vulkan init] extensions: name=VK_EXT_conditional_rendering, enabled=0
[Vulkan init] extensions: name=VK_EXT_custom_border_color, enabled=0
[Vulkan init] extensions: name=VK_EXT_depth_clip_enable, enabled=0
[Vulkan init] extensions: name=VK_EXT_depth_range_unrestricted, enabled=0
[Vulkan init] extensions: name=VK_EXT_descriptor_indexing, enabled=0
[Vulkan init] extensions: name=VK_EXT_discard_rectangles, enabled=0
[Vulkan init] extensions: name=VK_EXT_display_control, enabled=0
[Vulkan init] extensions: name=VK_EXT_external_memory_host, enabled=0
[Vulkan init] extensions: name=VK_EXT_global_priority, enabled=0
[Vulkan init] extensions: name=VK_EXT_host_query_reset, enabled=0
[Vulkan init] extensions: name=VK_EXT_index_type_uint8, enabled=0
[Vulkan init] extensions: name=VK_EXT_inline_uniform_block, enabled=0
[Vulkan init] extensions: name=VK_EXT_line_rasterization, enabled=0
[Vulkan init] extensions: name=VK_EXT_memory_budget, enabled=0
[Vulkan init] extensions: name=VK_EXT_pci_bus_info, enabled=0
[Vulkan init] extensions: name=VK_EXT_pipeline_creation_cache_control, enabled=0
[Vulkan init] extensions: name=VK_EXT_pipeline_creation_feedback, enabled=0
[Vulkan init] extensions: name=VK_EXT_private_data, enabled=0
[Vulkan init] extensions: name=VK_EXT_robustness2, enabled=0
[Vulkan init] extensions: name=VK_EXT_scalar_block_layout, enabled=0
[Vulkan init] extensions: name=VK_EXT_separate_stencil_usage, enabled=0
[Vulkan init] extensions: name=VK_EXT_shader_demote_to_helper_invocation, enabled=0
[Vulkan init] extensions: name=VK_EXT_shader_subgroup_ballot, enabled=0
[Vulkan init] extensions: name=VK_EXT_shader_subgroup_vote, enabled=0
[Vulkan init] extensions: name=VK_EXT_subgroup_size_control, enabled=0
[Vulkan init] extensions: name=VK_EXT_texel_buffer_alignment, enabled=0
[Vulkan init] extensions: name=VK_EXT_tooling_info, enabled=0
[Vulkan init] extensions: name=VK_EXT_transform_feedback, enabled=0
[Vulkan init] extensions: name=VK_EXT_vertex_attribute_divisor, enabled=0
[Vulkan init] extensions: name=VK_EXT_ycbcr_image_arrays, enabled=0
[Vulkan init] extensions: name=VK_NV_dedicated_allocation, enabled=0
[Vulkan init] extensions: name=VK_NV_dedicated_allocation_image_aliasing, enabled=0
[Vulkan init] extensions: name=VK_NV_device_diagnostic_checkpoints, enabled=0
[Vulkan init] extensions: name=VK_NV_device_diagnostics_config, enabled=0
[Vulkan init] extensions: name=VK_NV_device_generated_commands, enabled=0
[Vulkan init] extensions: name=VK_NV_shader_sm_builtins, enabled=0
[Vulkan init] extensions: name=VK_NV_shader_subgroup_partitioned, enabled=0
[Vulkan init] extensions: name=VK_NVX_multiview_per_view_attributes, enabled=0
Fossilize INFO: Overriding serialization path: "/home/alessandra/.local/share/Steam/steamapps/shadercache/1049410/fozpipelinesv4/steamapprun_pipeline_cache".
Vulkan API version 1.1.0 (1.2.142 supported by driver)
Vulkan vendor=[NVIDIA] id=[10de]
Vulkan renderer=[GeForce MX130] id=[174d]
Vulkan device type 2
Vulkan driverversion=[0x71cb4040] uint=[1909145664]
Vulkan PSO: Cache data successfully loaded [size=911028,path=/tmp/PillowCastle/SuperliminalSteam/vulkan_pso_cache.bin]
Begin MonoManager ReloadAssembly
- Completed reload, in  1.847 seconds
requesting resize 1360 x 768
Using native desktop resolution 1360 x 768
requesting fullscreen 1360 x 768 at 0 Hz
Desktop is 1360 x 768 @ 60 Hz
InitializeOrResetSwapChain 1360x768 hdr=0 samples=1
Couldn't create a Convex Mesh from source mesh "Dolly_001_Back_Prop" within the maximum polygons limit (256). The partial hull will be used. Consider simplifying your mesh. 
(Filename:  Line: 91)

Couldn't create a Convex Mesh from source mesh "Pillow_001_Common_Prop" within the maximum polygons limit (256). The partial hull will be used. Consider simplifying your mesh. 
(Filename:  Line: 91)

Couldn't create a Convex Mesh from source mesh "Rubber_Duck_Common" within the maximum polygons limit (256). The partial hull will be used. Consider simplifying your mesh. 
(Filename:  Line: 91)

Couldn't create a Convex Mesh from source mesh "Chess_Trophy_Common_Gameplay" within the maximum polygons limit (256). The partial hull will be used. Consider simplifying your mesh. 
(Filename:  Line: 91)

Couldn't create a Convex Mesh from source mesh "polySurface20" within the maximum polygons limit (256). The partial hull will be used. Consider simplifying your mesh. 
(Filename:  Line: 91)

The referenced script on this Behaviour (Game Object '<null>') is missing! 
(Filename:  Line: 334)

The referenced script on this Behaviour (Game Object '<null>') is missing! 
(Filename:  Line: 334)

The referenced script on this Behaviour (Game Object '<null>') is missing! 
(Filename:  Line: 334)

The referenced script on this Behaviour (Game Object '<null>') is missing! 
(Filename:  Line: 334)

The referenced script on this Behaviour (Game Object 'Main Camera') is missing! 
(Filename:  Line: 334)

The referenced script on this Behaviour (Game Object 'FMOD Audio Controller') is missing! 
(Filename:  Line: 334)

The referenced script on this Behaviour (Game Object 'FMOD Audio Controller') is missing! 
(Filename:  Line: 334)

The referenced script on this Behaviour (Game Object 'Main Camera') is missing! 
(Filename:  Line: 334)

The referenced script on this Behaviour (Game Object 'FMOD Audio Controller') is missing! 
(Filename:  Line: 334)

The referenced script on this Behaviour (Game Object 'Main Camera') is missing! 
(Filename:  Line: 334)

The referenced script on this Behaviour (Game Object 'Main Camera') is missing! 
(Filename:  Line: 334)

The referenced script on this Behaviour (Game Object 'FMOD Audio Controller') is missing! 
(Filename:  Line: 334)

The referenced script on this Behaviour (Game Object 'Main Camera') is missing! 
(Filename:  Line: 334)

The referenced script on this Behaviour (Game Object 'Player VR') is missing! 
(Filename:  Line: 334)

The referenced script on this Behaviour (Game Object 'Main Camera') is missing! 
(Filename:  Line: 334)

UnloadTime: 0.870909 ms
ERROR: ld.so: object '/home/alessandra/.local/share/Steam/ubuntu12_32/gameoverlayrenderer.so' from LD_PRELOAD cannot be preloaded (wrong ELF class: ELFCLASS32): ignored.
[S_API] SteamAPI_Init(): Loaded '/home/alessandra/.local/share/Steam/linux64/steamclient.so' OK.
Setting breakpad minidump AppID = 1049410
SteamInternal_SetMinidumpSteamID:  Caching Steam ID:  76561198101350218 [API loaded no]
Unloading 6 Unused Serialized files (Serialized files now loaded: 0)

Unloading 29 unused Assets to reduce memory usage. Loaded Objects now: 15695.
Total: 64.289906 ms (FindLiveObjects: 1.683691 ms CreateObjectMapping: 1.072984 ms MarkObjects: 60.898329 ms  DeleteObjects: 0.633475 ms)

FMOD Studio Integration: Please add an 'FMOD Studio Listener' component to your a camera in the scene for correct 3D positioning of sounds 
(Filename: ./Runtime/Export/Debug/Debug.bindings.h Line: 35)

Cancelling run: True GoToSpecificLevel 
(Filename: ./Runtime/Export/Debug/Debug.bindings.h Line: 35)

Unloading 5 Unused Serialized files (Serialized files now loaded: 0)
UnloadTime: 33.961714 ms

Unloading 1750 unused Assets to reduce memory usage. Loaded Objects now: 4258.
Total: 49.435819 ms (FindLiveObjects: 0.573733 ms CreateObjectMapping: 0.401896 ms MarkObjects: 40.874796 ms  DeleteObjects: 7.583470 ms)

Unloading 0 Unused Serialized files (Serialized files now loaded: 0)

Unloading 0 unused Assets to reduce memory usage. Loaded Objects now: 4258.
Total: 56.559078 ms (FindLiveObjects: 6.619705 ms CreateObjectMapping: 0.349179 ms MarkObjects: 41.657845 ms  DeleteObjects: 7.930234 ms)

Setting up 4 worker threads for Enlighten.
  Thread -> id: 7fecb37fe640 -> priority: 1 
  Thread -> id: 7fecb2ffd640 -> priority: 1 
  Thread -> id: 7fecb27fc640 -> priority: 1 
  Thread -> id: 7fecb1ffb640 -> priority: 1 
Cancelling run: False GoToSpecificLevel 
(Filename: ./Runtime/Export/Debug/Debug.bindings.h Line: 35)

Couldn't create a Convex Mesh from source mesh "Pillow_001_Common_Prop" within the maximum polygons limit (256). The partial hull will be used. Consider simplifying your mesh. 
(Filename:  Line: 91)

The referenced script on this Behaviour (Game Object '<null>') is missing! 
(Filename:  Line: 334)

The referenced script on this Behaviour (Game Object '<null>') is missing! 
(Filename:  Line: 334)

The referenced script on this Behaviour (Game Object '<null>') is missing! 
(Filename:  Line: 334)

The referenced script on this Behaviour (Game Object '<null>') is missing! 
(Filename:  Line: 334)

The referenced script on this Behaviour (Game Object 'Player FMOD with Controller (1)') is missing! 
(Filename:  Line: 334)

Unloading 4 Unused Serialized files (Serialized files now loaded: 0)
UnloadTime: 0.477467 ms

Unloading 100 unused Assets to reduce memory usage. Loaded Objects now: 8445.
Total: 53.486820 ms (FindLiveObjects: 1.092662 ms CreateObjectMapping: 0.651634 ms MarkObjects: 51.098135 ms  DeleteObjects: 0.643252 ms)

Unloading 2 Unused Serialized files (Serialized files now loaded: 0)

Unloading 0 unused Assets to reduce memory usage. Loaded Objects now: 8443.
Total: 49.847890 ms (FindLiveObjects: 0.986489 ms CreateObjectMapping: 0.465314 ms MarkObjects: 48.368299 ms  DeleteObjects: 0.026951 ms)

Unloading 5 Unused Serialized files (Serialized files now loaded: 0)
UnloadTime: 11.007196 ms

Unloading 411 unused Assets to reduce memory usage. Loaded Objects now: 4294.
Total: 48.198863 ms (FindLiveObjects: 0.680462 ms CreateObjectMapping: 0.419716 ms MarkObjects: 44.224155 ms  DeleteObjects: 2.873732 ms)

Unloading 0 Unused Serialized files (Serialized files now loaded: 0)

Unloading 0 unused Assets to reduce memory usage. Loaded Objects now: 4294.
Total: 59.724282 ms (FindLiveObjects: 0.711714 ms CreateObjectMapping: 0.324054 ms MarkObjects: 44.090623 ms  DeleteObjects: 14.595396 ms)

Couldn't create a Convex Mesh from source mesh "Dolly_001_Back_Prop" within the maximum polygons limit (256). The partial hull will be used. Consider simplifying your mesh. 
(Filename:  Line: 91)

The referenced script on this Behaviour (Game Object '<null>') is missing! 
(Filename:  Line: 334)

The referenced script on this Behaviour (Game Object '<null>') is missing! 
(Filename:  Line: 334)

The referenced script on this Behaviour (Game Object '<null>') is missing! 
(Filename:  Line: 334)

The referenced script on this Behaviour (Game Object '<null>') is missing! 
(Filename:  Line: 334)

Couldn't create a Convex Mesh from source mesh "Common_Cheese_001" within the maximum polygons limit (256). The partial hull will be used. Consider simplifying your mesh. 
(Filename:  Line: 91)

Unloading 6 Unused Serialized files (Serialized files now loaded: 0)
UnloadTime: 1.871063 ms

Unloading 55 unused Assets to reduce memory usage. Loaded Objects now: 24978.
Total: 61.467632 ms (FindLiveObjects: 2.316231 ms CreateObjectMapping: 0.872451 ms MarkObjects: 57.340374 ms  DeleteObjects: 0.937034 ms)

Unloading 0 Unused Serialized files (Serialized files now loaded: 0)

Unloading 0 unused Assets to reduce memory usage. Loaded Objects now: 24976.
Total: 60.118507 ms (FindLiveObjects: 2.579194 ms CreateObjectMapping: 0.590715 ms MarkObjects: 56.808642 ms  DeleteObjects: 0.138780 ms)

DontDestroyOnLoad only works for root GameObjects or components on root GameObjects. 
(Filename:  Line: 589)

Unloading 5 Unused Serialized files (Serialized files now loaded: 0)
UnloadTime: 68.366299 ms

Unloading 1327 unused Assets to reduce memory usage. Loaded Objects now: 4498.
Total: 59.659348 ms (FindLiveObjects: 0.889187 ms CreateObjectMapping: 0.739995 ms MarkObjects: 46.839679 ms  DeleteObjects: 11.189150 ms)

Unloading 0 Unused Serialized files (Serialized files now loaded: 0)

Unloading 0 unused Assets to reduce memory usage. Loaded Objects now: 4498.
Total: 74.554881 ms (FindLiveObjects: 1.174609 ms CreateObjectMapping: 0.446198 ms MarkObjects: 57.522982 ms  DeleteObjects: 15.409592 ms)

Couldn't create a Convex Mesh from source mesh "Dolly_001_Back_Prop" within the maximum polygons limit (256). The partial hull will be used. Consider simplifying your mesh. 
(Filename:  Line: 91)

Couldn't create a Convex Mesh from source mesh "Pillow_001_Common_Prop" within the maximum polygons limit (256). The partial hull will be used. Consider simplifying your mesh. 
(Filename:  Line: 91)

Couldn't create a Convex Mesh from source mesh "polySurface20" within the maximum polygons limit (256). The partial hull will be used. Consider simplifying your mesh. 
(Filename:  Line: 91)

The referenced script on this Behaviour (Game Object '<null>') is missing! 
(Filename:  Line: 334)

The referenced script on this Behaviour (Game Object '<null>') is missing! 
(Filename:  Line: 334)

The referenced script on this Behaviour (Game Object '<null>') is missing! 
(Filename:  Line: 334)

The referenced script on this Behaviour (Game Object '<null>') is missing! 
(Filename:  Line: 334)

Couldn't create a Convex Mesh from source mesh "Common_Cheese_001" within the maximum polygons limit (256). The partial hull will be used. Consider simplifying your mesh. 
(Filename:  Line: 91)

Couldn't create a Convex Mesh from source mesh "Egg_Common_Prop" within the maximum polygons limit (256). The partial hull will be used. Consider simplifying your mesh. 
(Filename:  Line: 91)

Couldn't create a Convex Mesh from source mesh "Ceiling_Light_001_Hotel_Prop" within the maximum polygons limit (256). The partial hull will be used. Consider simplifying your mesh. 
(Filename:  Line: 91)

Couldn't create a Convex Mesh from source mesh "chess:RE2" within the maximum polygons limit (256). The partial hull will be used. Consider simplifying your mesh. 
(Filename:  Line: 91)

The referenced script on this Behaviour (Game Object 'BlobShadowProjector') is missing! 
(Filename:  Line: 334)

The referenced script on this Behaviour (Game Object 'BlobShadowProjector') is missing! 
(Filename:  Line: 334)

The referenced script on this Behaviour (Game Object 'ScreenshotCam15') is missing! 
(Filename:  Line: 334)

The referenced script on this Behaviour (Game Object 'ScreenshotCam17') is missing! 
(Filename:  Line: 334)

The referenced script on this Behaviour (Game Object 'ScreenshotCam19') is missing! 
(Filename:  Line: 334)

The referenced script on this Behaviour (Game Object 'ScreenshotCam18') is missing! 
(Filename:  Line: 334)

The referenced script on this Behaviour (Game Object 'ScreenshotCam20') is missing! 
(Filename:  Line: 334)

The referenced script on this Behaviour (Game Object 'ScreenshotCam16') is missing! 
(Filename:  Line: 334)

The referenced script on this Behaviour (Game Object 'ScreenshotCam16') is missing! 
(Filename:  Line: 334)

The referenced script on this Behaviour (Game Object 'ScreenshotCam20') is missing! 
(Filename:  Line: 334)

The referenced script on this Behaviour (Game Object 'ScreenshotCam17') is missing! 
(Filename:  Line: 334)

The referenced script on this Behaviour (Game Object 'ScreenshotCam15') is missing! 
(Filename:  Line: 334)

The referenced script on this Behaviour (Game Object 'ScreenshotCam19') is missing! 
(Filename:  Line: 334)

The referenced script on this Behaviour (Game Object 'ScreenshotCam18') is missing! 
(Filename:  Line: 334)

The referenced script on this Behaviour (Game Object 'BlobShadowProjector') is missing! 
(Filename:  Line: 334)

The referenced script on this Behaviour (Game Object 'ScreenshotCam11') is missing! 
(Filename:  Line: 334)

The referenced script on this Behaviour (Game Object 'ScreenshotCam17') is missing! 
(Filename:  Line: 334)

The referenced script on this Behaviour (Game Object 'ScreenshotCam15') is missing! 
(Filename:  Line: 334)

The referenced script on this Behaviour (Game Object 'ScreenshotCam19') is missing! 
(Filename:  Line: 334)

The referenced script on this Behaviour (Game Object 'ScreenshotCam18') is missing! 
(Filename:  Line: 334)

The referenced script on this Behaviour (Game Object 'ScreenshotCam20') is missing! 
(Filename:  Line: 334)

The referenced script on this Behaviour (Game Object 'ScreenshotCam10') is missing! 
(Filename:  Line: 334)

The referenced script on this Behaviour (Game Object 'ScreenshotCam16') is missing! 
(Filename:  Line: 334)

The referenced script on this Behaviour (Game Object 'ScreenshotCam12') is missing! 
(Filename:  Line: 334)

The referenced script on this Behaviour (Game Object 'ScreenshotCam4') is missing! 
(Filename:  Line: 334)

The referenced script on this Behaviour (Game Object 'ScreenshotCam8') is missing! 
(Filename:  Line: 334)

Unloading 7 Unused Serialized files (Serialized files now loaded: 0)
UnloadTime: 1.185579 ms

Unloading 123 unused Assets to reduce memory usage. Loaded Objects now: 39187.
Total: 91.157218 ms (FindLiveObjects: 6.078974 ms CreateObjectMapping: 1.988359 ms MarkObjects: 81.482814 ms  DeleteObjects: 1.606011 ms)

Unloading 0 Unused Serialized files (Serialized files now loaded: 0)

Unloading 0 unused Assets to reduce memory usage. Loaded Objects now: 39185.
Total: 82.991793 ms (FindLiveObjects: 2.695004 ms CreateObjectMapping: 2.189280 ms MarkObjects: 78.028035 ms  DeleteObjects: 0.078335 ms)

The referenced script on this Behaviour (Game Object '<null>') is missing! 
(Filename:  Line: 334)

The referenced script on this Behaviour (Game Object '<null>') is missing! 
(Filename:  Line: 334)

The referenced script on this Behaviour (Game Object '<null>') is missing! 
(Filename:  Line: 334)

The referenced script on this Behaviour (Game Object '<null>') is missing! 
(Filename:  Line: 334)

The referenced script on this Behaviour (Game Object 'BlobShadowProjector') is missing! 
(Filename:  Line: 334)

The referenced script on this Behaviour (Game Object 'ScreenshotCam11') is missing! 
(Filename:  Line: 334)

The referenced script on this Behaviour (Game Object 'ScreenshotCam17') is missing! 
(Filename:  Line: 334)

The referenced script on this Behaviour (Game Object 'ScreenshotCam15') is missing! 
(Filename:  Line: 334)

The referenced script on this Behaviour (Game Object 'ScreenshotCam19') is missing! 
(Filename:  Line: 334)

The referenced script on this Behaviour (Game Object 'ScreenshotCam18') is missing! 
(Filename:  Line: 334)

The referenced script on this Behaviour (Game Object 'ScreenshotCam20') is missing! 
(Filename:  Line: 334)

The referenced script on this Behaviour (Game Object 'ScreenshotCam10') is missing! 
(Filename:  Line: 334)

The referenced script on this Behaviour (Game Object 'ScreenshotCam16') is missing! 
(Filename:  Line: 334)

The referenced script on this Behaviour (Game Object 'ScreenshotCam12') is missing! 
(Filename:  Line: 334)

The referenced script on this Behaviour (Game Object 'ScreenshotCam4') is missing! 
(Filename:  Line: 334)

The referenced script on this Behaviour (Game Object 'ScreenshotCam8') is missing! 
(Filename:  Line: 334)

Unloading 7 Unused Serialized files (Serialized files now loaded: 0)
UnloadTime: 58.038423 ms

Unloading 4233 unused Assets to reduce memory usage. Loaded Objects now: 39645.
Total: 128.757706 ms (FindLiveObjects: 4.035971 ms CreateObjectMapping: 2.301282 ms MarkObjects: 74.029265 ms  DeleteObjects: 48.389531 ms)

Unloading 0 Unused Serialized files (Serialized files now loaded: 0)

Unloading 0 unused Assets to reduce memory usage. Loaded Objects now: 39645.
Total: 81.296709 ms (FindLiveObjects: 4.357813 ms CreateObjectMapping: 1.420915 ms MarkObjects: 75.428373 ms  DeleteObjects: 0.085506 ms)

The referenced script on this Behaviour (Game Object '<null>') is missing! 
(Filename:  Line: 334)

The referenced script on this Behaviour (Game Object '<null>') is missing! 
(Filename:  Line: 334)

The referenced script on this Behaviour (Game Object '<null>') is missing! 
(Filename:  Line: 334)

The referenced script on this Behaviour (Game Object '<null>') is missing! 
(Filename:  Line: 334)

The referenced script on this Behaviour (Game Object 'BlobShadowProjector') is missing! 
(Filename:  Line: 334)

The referenced script on this Behaviour (Game Object 'ScreenshotCam11') is missing! 
(Filename:  Line: 334)

The referenced script on this Behaviour (Game Object 'ScreenshotCam17') is missing! 
(Filename:  Line: 334)

The referenced script on this Behaviour (Game Object 'ScreenshotCam15') is missing! 
(Filename:  Line: 334)

The referenced script on this Behaviour (Game Object 'ScreenshotCam19') is missing! 
(Filename:  Line: 334)

The referenced script on this Behaviour (Game Object 'ScreenshotCam18') is missing! 
(Filename:  Line: 334)

The referenced script on this Behaviour (Game Object 'ScreenshotCam20') is missing! 
(Filename:  Line: 334)

The referenced script on this Behaviour (Game Object 'ScreenshotCam10') is missing! 
(Filename:  Line: 334)

The referenced script on this Behaviour (Game Object 'ScreenshotCam16') is missing! 
(Filename:  Line: 334)

The referenced script on this Behaviour (Game Object 'ScreenshotCam12') is missing! 
(Filename:  Line: 334)

The referenced script on this Behaviour (Game Object 'ScreenshotCam4') is missing! 
(Filename:  Line: 334)

The referenced script on this Behaviour (Game Object 'ScreenshotCam8') is missing! 
(Filename:  Line: 334)

Unloading 7 Unused Serialized files (Serialized files now loaded: 0)
UnloadTime: 63.056866 ms

Unloading 1810 unused Assets to reduce memory usage. Loaded Objects now: 39636.
Total: 103.004144 ms (FindLiveObjects: 3.502445 ms CreateObjectMapping: 1.790247 ms MarkObjects: 75.681050 ms  DeleteObjects: 22.029054 ms)

Unloading 0 Unused Serialized files (Serialized files now loaded: 0)

Unloading 0 unused Assets to reduce memory usage. Loaded Objects now: 39636.
Total: 79.488254 ms (FindLiveObjects: 4.025783 ms CreateObjectMapping: 1.262739 ms MarkObjects: 74.133610 ms  DeleteObjects: 0.064677 ms)

The referenced script on this Behaviour (Game Object '<null>') is missing! 
(Filename:  Line: 334)

The referenced script on this Behaviour (Game Object '<null>') is missing! 
(Filename:  Line: 334)

The referenced script on this Behaviour (Game Object '<null>') is missing! 
(Filename:  Line: 334)

The referenced script on this Behaviour (Game Object '<null>') is missing! 
(Filename:  Line: 334)

The referenced script on this Behaviour (Game Object 'BlobShadowProjector') is missing! 
(Filename:  Line: 334)

The referenced script on this Behaviour (Game Object 'ScreenshotCam11') is missing! 
(Filename:  Line: 334)

The referenced script on this Behaviour (Game Object 'ScreenshotCam17') is missing! 
(Filename:  Line: 334)

The referenced script on this Behaviour (Game Object 'ScreenshotCam15') is missing! 
(Filename:  Line: 334)

The referenced script on this Behaviour (Game Object 'ScreenshotCam19') is missing! 
(Filename:  Line: 334)

The referenced script on this Behaviour (Game Object 'ScreenshotCam18') is missing! 
(Filename:  Line: 334)

The referenced script on this Behaviour (Game Object 'ScreenshotCam20') is missing! 
(Filename:  Line: 334)

The referenced script on this Behaviour (Game Object 'ScreenshotCam10') is missing! 
(Filename:  Line: 334)

The referenced script on this Behaviour (Game Object 'ScreenshotCam16') is missing! 
(Filename:  Line: 334)

The referenced script on this Behaviour (Game Object 'ScreenshotCam12') is missing! 
(Filename:  Line: 334)

The referenced script on this Behaviour (Game Object 'ScreenshotCam4') is missing! 
(Filename:  Line: 334)

The referenced script on this Behaviour (Game Object 'ScreenshotCam8') is missing! 
(Filename:  Line: 334)

Unloading 7 Unused Serialized files (Serialized files now loaded: 0)
UnloadTime: 66.425728 ms

Unloading 3110 unused Assets to reduce memory usage. Loaded Objects now: 39643.
Total: 115.157805 ms (FindLiveObjects: 3.996426 ms CreateObjectMapping: 1.977514 ms MarkObjects: 76.903502 ms  DeleteObjects: 32.279064 ms)

Unloading 0 Unused Serialized files (Serialized files now loaded: 0)

Unloading 0 unused Assets to reduce memory usage. Loaded Objects now: 39643.
Total: 82.184667 ms (FindLiveObjects: 4.477052 ms CreateObjectMapping: 1.544649 ms MarkObjects: 76.090631 ms  DeleteObjects: 0.068129 ms)

The referenced script on this Behaviour (Game Object '<null>') is missing! 
(Filename:  Line: 334)

The referenced script on this Behaviour (Game Object '<null>') is missing! 
(Filename:  Line: 334)

The referenced script on this Behaviour (Game Object '<null>') is missing! 
(Filename:  Line: 334)

The referenced script on this Behaviour (Game Object '<null>') is missing! 
(Filename:  Line: 334)

The referenced script on this Behaviour (Game Object 'BlobShadowProjector') is missing! 
(Filename:  Line: 334)

The referenced script on this Behaviour (Game Object 'ScreenshotCam11') is missing! 
(Filename:  Line: 334)

The referenced script on this Behaviour (Game Object 'ScreenshotCam17') is missing! 
(Filename:  Line: 334)

The referenced script on this Behaviour (Game Object 'ScreenshotCam15') is missing! 
(Filename:  Line: 334)

The referenced script on this Behaviour (Game Object 'ScreenshotCam19') is missing! 
(Filename:  Line: 334)

The referenced script on this Behaviour (Game Object 'ScreenshotCam18') is missing! 
(Filename:  Line: 334)

The referenced script on this Behaviour (Game Object 'ScreenshotCam20') is missing! 
(Filename:  Line: 334)

The referenced script on this Behaviour (Game Object 'ScreenshotCam10') is missing! 
(Filename:  Line: 334)

The referenced script on this Behaviour (Game Object 'ScreenshotCam16') is missing! 
(Filename:  Line: 334)

The referenced script on this Behaviour (Game Object 'ScreenshotCam12') is missing! 
(Filename:  Line: 334)

The referenced script on this Behaviour (Game Object 'ScreenshotCam4') is missing! 
(Filename:  Line: 334)

The referenced script on this Behaviour (Game Object 'ScreenshotCam8') is missing! 
(Filename:  Line: 334)

Unloading 7 Unused Serialized files (Serialized files now loaded: 0)
UnloadTime: 51.794404 ms

Unloading 1590 unused Assets to reduce memory usage. Loaded Objects now: 39636.
Total: 98.220372 ms (FindLiveObjects: 3.576785 ms CreateObjectMapping: 1.646497 ms MarkObjects: 73.833383 ms  DeleteObjects: 19.162517 ms)

Unloading 0 Unused Serialized files (Serialized files now loaded: 0)

Unloading 0 unused Assets to reduce memory usage. Loaded Objects now: 39636.
Total: 86.676799 ms (FindLiveObjects: 5.505727 ms CreateObjectMapping: 1.745880 ms MarkObjects: 79.340084 ms  DeleteObjects: 0.083581 ms)

The referenced script on this Behaviour (Game Object '<null>') is missing! 
(Filename:  Line: 334)

The referenced script on this Behaviour (Game Object '<null>') is missing! 
(Filename:  Line: 334)

The referenced script on this Behaviour (Game Object '<null>') is missing! 
(Filename:  Line: 334)

The referenced script on this Behaviour (Game Object '<null>') is missing! 
(Filename:  Line: 334)

The referenced script on this Behaviour (Game Object 'BlobShadowProjector') is missing! 
(Filename:  Line: 334)

The referenced script on this Behaviour (Game Object 'ScreenshotCam11') is missing! 
(Filename:  Line: 334)

The referenced script on this Behaviour (Game Object 'ScreenshotCam17') is missing! 
(Filename:  Line: 334)

The referenced script on this Behaviour (Game Object 'ScreenshotCam15') is missing! 
(Filename:  Line: 334)

The referenced script on this Behaviour (Game Object 'ScreenshotCam19') is missing! 
(Filename:  Line: 334)

The referenced script on this Behaviour (Game Object 'ScreenshotCam18') is missing! 
(Filename:  Line: 334)

The referenced script on this Behaviour (Game Object 'ScreenshotCam20') is missing! 
(Filename:  Line: 334)

The referenced script on this Behaviour (Game Object 'ScreenshotCam10') is missing! 
(Filename:  Line: 334)

The referenced script on this Behaviour (Game Object 'ScreenshotCam16') is missing! 
(Filename:  Line: 334)

The referenced script on this Behaviour (Game Object 'ScreenshotCam12') is missing! 
(Filename:  Line: 334)

The referenced script on this Behaviour (Game Object 'ScreenshotCam4') is missing! 
(Filename:  Line: 334)

The referenced script on this Behaviour (Game Object 'ScreenshotCam8') is missing! 
(Filename:  Line: 334)

Unloading 7 Unused Serialized files (Serialized files now loaded: 0)
UnloadTime: 52.642115 ms

Unloading 1921 unused Assets to reduce memory usage. Loaded Objects now: 39640.
Total: 101.632372 ms (FindLiveObjects: 3.876930 ms CreateObjectMapping: 1.806015 ms MarkObjects: 78.064307 ms  DeleteObjects: 17.883573 ms)

Unloading 0 Unused Serialized files (Serialized files now loaded: 0)

Unloading 0 unused Assets to reduce memory usage. Loaded Objects now: 39640.
Total: 77.707705 ms (FindLiveObjects: 4.256025 ms CreateObjectMapping: 1.263709 ms MarkObjects: 72.121417 ms  DeleteObjects: 0.065314 ms)

The referenced script on this Behaviour (Game Object '<null>') is missing! 
(Filename:  Line: 334)

The referenced script on this Behaviour (Game Object '<null>') is missing! 
(Filename:  Line: 334)

The referenced script on this Behaviour (Game Object '<null>') is missing! 
(Filename:  Line: 334)

The referenced script on this Behaviour (Game Object '<null>') is missing! 
(Filename:  Line: 334)

The referenced script on this Behaviour (Game Object 'BlobShadowProjector') is missing! 
(Filename:  Line: 334)

The referenced script on this Behaviour (Game Object 'ScreenshotCam11') is missing! 
(Filename:  Line: 334)

The referenced script on this Behaviour (Game Object 'ScreenshotCam17') is missing! 
(Filename:  Line: 334)

The referenced script on this Behaviour (Game Object 'ScreenshotCam15') is missing! 
(Filename:  Line: 334)

The referenced script on this Behaviour (Game Object 'ScreenshotCam19') is missing! 
(Filename:  Line: 334)

The referenced script on this Behaviour (Game Object 'ScreenshotCam18') is missing! 
(Filename:  Line: 334)

The referenced script on this Behaviour (Game Object 'ScreenshotCam20') is missing! 
(Filename:  Line: 334)

The referenced script on this Behaviour (Game Object 'ScreenshotCam10') is missing! 
(Filename:  Line: 334)

The referenced script on this Behaviour (Game Object 'ScreenshotCam16') is missing! 
(Filename:  Line: 334)

The referenced script on this Behaviour (Game Object 'ScreenshotCam12') is missing! 
(Filename:  Line: 334)

The referenced script on this Behaviour (Game Object 'ScreenshotCam4') is missing! 
(Filename:  Line: 334)

The referenced script on this Behaviour (Game Object 'ScreenshotCam8') is missing! 
(Filename:  Line: 334)

Unloading 7 Unused Serialized files (Serialized files now loaded: 0)
UnloadTime: 68.545773 ms

Unloading 1197 unused Assets to reduce memory usage. Loaded Objects now: 39636.
Total: 98.536976 ms (FindLiveObjects: 3.584390 ms CreateObjectMapping: 1.328356 ms MarkObjects: 79.687393 ms  DeleteObjects: 13.935497 ms)

Unloading 0 Unused Serialized files (Serialized files now loaded: 0)

Unloading 0 unused Assets to reduce memory usage. Loaded Objects now: 39636.
Total: 81.793555 ms (FindLiveObjects: 4.171173 ms CreateObjectMapping: 1.242482 ms MarkObjects: 76.284737 ms  DeleteObjects: 0.094011 ms)

The referenced script on this Behaviour (Game Object '<null>') is missing! 
(Filename:  Line: 334)

The referenced script on this Behaviour (Game Object '<null>') is missing! 
(Filename:  Line: 334)

The referenced script on this Behaviour (Game Object '<null>') is missing! 
(Filename:  Line: 334)

The referenced script on this Behaviour (Game Object '<null>') is missing! 
(Filename:  Line: 334)

The referenced script on this Behaviour (Game Object 'BlobShadowProjector') is missing! 
(Filename:  Line: 334)

The referenced script on this Behaviour (Game Object 'ScreenshotCam11') is missing! 
(Filename:  Line: 334)

The referenced script on this Behaviour (Game Object 'ScreenshotCam17') is missing! 
(Filename:  Line: 334)

The referenced script on this Behaviour (Game Object 'ScreenshotCam15') is missing! 
(Filename:  Line: 334)

The referenced script on this Behaviour (Game Object 'ScreenshotCam19') is missing! 
(Filename:  Line: 334)

The referenced script on this Behaviour (Game Object 'ScreenshotCam18') is missing! 
(Filename:  Line: 334)

The referenced script on this Behaviour (Game Object 'ScreenshotCam20') is missing! 
(Filename:  Line: 334)

The referenced script on this Behaviour (Game Object 'ScreenshotCam10') is missing! 
(Filename:  Line: 334)

The referenced script on this Behaviour (Game Object 'ScreenshotCam16') is missing! 
(Filename:  Line: 334)

The referenced script on this Behaviour (Game Object 'ScreenshotCam12') is missing! 
(Filename:  Line: 334)

The referenced script on this Behaviour (Game Object 'ScreenshotCam4') is missing! 
(Filename:  Line: 334)

The referenced script on this Behaviour (Game Object 'ScreenshotCam8') is missing! 
(Filename:  Line: 334)

Unloading 7 Unused Serialized files (Serialized files now loaded: 0)
UnloadTime: 57.844561 ms

Unloading 4459 unused Assets to reduce memory usage. Loaded Objects now: 39645.
Total: 143.983656 ms (FindLiveObjects: 5.186566 ms CreateObjectMapping: 2.610377 ms MarkObjects: 92.407966 ms  DeleteObjects: 43.777592 ms)

Unloading 0 Unused Serialized files (Serialized files now loaded: 0)

Unloading 0 unused Assets to reduce memory usage. Loaded Objects now: 39645.
Total: 83.964589 ms (FindLiveObjects: 4.190337 ms CreateObjectMapping: 1.594615 ms MarkObjects: 78.091212 ms  DeleteObjects: 0.087011 ms)

Kinematic body only supports Speculative Continuous collision detection 
(Filename:  Line: 1728)

Kinematic body only supports Speculative Continuous collision detection 
(Filename:  Line: 1728)

Kinematic body only supports Speculative Continuous collision detection 
(Filename:  Line: 1728)

Kinematic body only supports Speculative Continuous collision detection 
(Filename:  Line: 1728)

Kinematic body only supports Speculative Continuous collision detection 
(Filename:  Line: 1728)

Kinematic body only supports Speculative Continuous collision detection 
(Filename:  Line: 1728)

Kinematic body only supports Speculative Continuous collision detection 
(Filename:  Line: 1728)

Kinematic body only supports Speculative Continuous collision detection 
(Filename:  Line: 1728)

Kinematic body only supports Speculative Continuous collision detection 
(Filename:  Line: 1728)

Kinematic body only supports Speculative Continuous collision detection 
(Filename:  Line: 1728)

Kinematic body only supports Speculative Continuous collision detection 
(Filename:  Line: 1728)

Kinematic body only supports Speculative Continuous collision detection 
(Filename:  Line: 1728)

Kinematic body only supports Speculative Continuous collision detection 
(Filename:  Line: 1728)

Kinematic body only supports Speculative Continuous collision detection 
(Filename:  Line: 1728)

Kinematic body only supports Speculative Continuous collision detection 
(Filename:  Line: 1728)

Kinematic body only supports Speculative Continuous collision detection 
(Filename:  Line: 1728)

Kinematic body only supports Speculative Continuous collision detection 
(Filename:  Line: 1728)

Kinematic body only supports Speculative Continuous collision detection 
(Filename:  Line: 1728)

Kinematic body only supports Speculative Continuous collision detection 
(Filename:  Line: 1728)

Kinematic body only supports Speculative Continuous collision detection 
(Filename:  Line: 1728)

Kinematic body only supports Speculative Continuous collision detection 
(Filename:  Line: 1728)

Kinematic body only supports Speculative Continuous collision detection 
(Filename:  Line: 1728)

Kinematic body only supports Speculative Continuous collision detection 
(Filename:  Line: 1728)

Kinematic body only supports Speculative Continuous collision detection 
(Filename:  Line: 1728)

Kinematic body only supports Speculative Continuous collision detection 
(Filename:  Line: 1728)

Kinematic body only supports Speculative Continuous collision detection 
(Filename:  Line: 1728)

Unloading 5 Unused Serialized files (Serialized files now loaded: 0)
UnloadTime: 76.362913 ms

Unloading 11716 unused Assets to reduce memory usage. Loaded Objects now: 4490.
Total: 198.629170 ms (FindLiveObjects: 2.429331 ms CreateObjectMapping: 2.833815 ms MarkObjects: 55.717036 ms  DeleteObjects: 137.648190 ms)

Unloading 0 Unused Serialized files (Serialized files now loaded: 0)

Unloading 0 unused Assets to reduce memory usage. Loaded Objects now: 4490.
Total: 47.139082 ms (FindLiveObjects: 0.891502 ms CreateObjectMapping: 0.397632 ms MarkObjects: 45.827708 ms  DeleteObjects: 0.021417 ms)

Couldn't create a Convex Mesh from source mesh "Dolly_001_Back_Prop" within the maximum polygons limit (256). The partial hull will be used. Consider simplifying your mesh. 
(Filename:  Line: 91)

Couldn't create a Convex Mesh from source mesh "Pillow_001_Common_Prop" within the maximum polygons limit (256). The partial hull will be used. Consider simplifying your mesh. 
(Filename:  Line: 91)

Couldn't create a Convex Mesh from source mesh "Rubber_Duck_Common" within the maximum polygons limit (256). The partial hull will be used. Consider simplifying your mesh. 
(Filename:  Line: 91)

Couldn't create a Convex Mesh from source mesh "polySurface20" within the maximum polygons limit (256). The partial hull will be used. Consider simplifying your mesh. 
(Filename:  Line: 91)

The referenced script on this Behaviour (Game Object '<null>') is missing! 
(Filename:  Line: 334)

The referenced script on this Behaviour (Game Object '<null>') is missing! 
(Filename:  Line: 334)

The referenced script on this Behaviour (Game Object '<null>') is missing! 
(Filename:  Line: 334)

The referenced script on this Behaviour (Game Object '<null>') is missing! 
(Filename:  Line: 334)

Couldn't create a Convex Mesh from source mesh "Egg_Common_Prop" within the maximum polygons limit (256). The partial hull will be used. Consider simplifying your mesh. 
(Filename:  Line: 91)

Unloading 8 Unused Serialized files (Serialized files now loaded: 0)
UnloadTime: 1.335153 ms

Unloading 187 unused Assets to reduce memory usage. Loaded Objects now: 27521.
Total: 103.945568 ms (FindLiveObjects: 4.409404 ms CreateObjectMapping: 1.318218 ms MarkObjects: 95.962751 ms  DeleteObjects: 2.254065 ms)

Unloading 1 Unused Serialized files (Serialized files now loaded: 0)

Unloading 0 unused Assets to reduce memory usage. Loaded Objects now: 27519.
Total: 63.743960 ms (FindLiveObjects: 2.874757 ms CreateObjectMapping: 0.800882 ms MarkObjects: 59.995011 ms  DeleteObjects: 0.072403 ms)

Vulkan PSO: data extracted [new size=5226847, old size=911028, incomplete=0]
Vulkan PSO: Saved size[5226847] path[/tmp/PillowCastle/SuperliminalSteam/vulkan_pso_cache.bin] success=1 headerChanged=0 sizeChanged=1
