Mono path[0] = '/home/alessandra/.local/share/Steam/steamapps/common/Superliminal/Superliminal_Data/Managed'
Mono config path = '/home/alessandra/.local/share/Steam/steamapps/common/Superliminal/Superliminal_Data/MonoBleedingEdge/etc'
Preloaded 'libStandaloneFileBrowser.so'
Preloaded 'lib_burst_generated.so'
Preloaded 'libfmodsuper.so'
Preloaded 'libgvraudio.so'
Preloaded 'libopenvr_api.so'
Preloaded 'libresonanceaudio.so'
Preloaded 'libsteam_api.so'
Preloaded 'libvhacd.so'
Display 0 'LE19W037 19"': 1360x768 (primary device).
Display 1 '1': 1366x768 (secondary device).
Unable to load player prefs
Desktop is 1360 x 768 @ 60 Hz
[Vulkan init] extensions: count=18
[Vulkan init] extensions: name=VK_KHR_device_group_creation, enabled=0
[Vulkan init] extensions: name=VK_KHR_display, enabled=1
[Vulkan init] extensions: name=VK_KHR_external_fence_capabilities, enabled=0
[Vulkan init] extensions: name=VK_KHR_external_memory_capabilities, enabled=0
[Vulkan init] extensions: name=VK_KHR_external_semaphore_capabilities, enabled=0
[Vulkan init] extensions: name=VK_KHR_get_display_properties2, enabled=0
[Vulkan init] extensions: name=VK_KHR_get_physical_device_properties2, enabled=0
[Vulkan init] extensions: name=VK_KHR_get_surface_capabilities2, enabled=0
[Vulkan init] extensions: name=VK_KHR_surface, enabled=1
[Vulkan init] extensions: name=VK_KHR_surface_protected_capabilities, enabled=0
[Vulkan init] extensions: name=VK_KHR_xcb_surface, enabled=0
[Vulkan init] extensions: name=VK_KHR_xlib_surface, enabled=1
[Vulkan init] extensions: name=VK_EXT_acquire_xlib_display, enabled=0
[Vulkan init] extensions: name=VK_EXT_debug_report, enabled=0
[Vulkan init] extensions: name=VK_EXT_debug_utils, enabled=0
[Vulkan init] extensions: name=VK_EXT_direct_mode_display, enabled=0
[Vulkan init] extensions: name=VK_EXT_display_surface_counter, enabled=0
[Vulkan init] extensions: name=VK_KHR_wayland_surface, enabled=1
INTEL-MESA: warning: Performance support disabled, consider sysctl dev.i915.perf_stream_paranoid=0

Vulkan detection: 2
Initialize engine version: 2019.4.14f1 (4037e52648cd)
[Subsystems] Discovering subsystems at path /home/alessandra/.local/share/Steam/steamapps/common/Superliminal/Superliminal_Data/UnitySubsystems
GfxDevice: creating device client; threaded=1
[Vulkan init] extensions: count=18
[Vulkan init] extensions: name=VK_KHR_device_group_creation, enabled=0
[Vulkan init] extensions: name=VK_KHR_display, enabled=1
[Vulkan init] extensions: name=VK_KHR_external_fence_capabilities, enabled=0
[Vulkan init] extensions: name=VK_KHR_external_memory_capabilities, enabled=0
[Vulkan init] extensions: name=VK_KHR_external_semaphore_capabilities, enabled=0
[Vulkan init] extensions: name=VK_KHR_get_display_properties2, enabled=0
[Vulkan init] extensions: name=VK_KHR_get_physical_device_properties2, enabled=0
[Vulkan init] extensions: name=VK_KHR_get_surface_capabilities2, enabled=0
[Vulkan init] extensions: name=VK_KHR_surface, enabled=1
[Vulkan init] extensions: name=VK_KHR_surface_protected_capabilities, enabled=0
[Vulkan init] extensions: name=VK_KHR_xcb_surface, enabled=0
[Vulkan init] extensions: name=VK_KHR_xlib_surface, enabled=1
[Vulkan init] extensions: name=VK_EXT_acquire_xlib_display, enabled=0
[Vulkan init] extensions: name=VK_EXT_debug_report, enabled=0
[Vulkan init] extensions: name=VK_EXT_debug_utils, enabled=0
[Vulkan init] extensions: name=VK_EXT_direct_mode_display, enabled=0
[Vulkan init] extensions: name=VK_EXT_display_surface_counter, enabled=0
[Vulkan init] extensions: name=VK_KHR_wayland_surface, enabled=1
[Vulkan init] SelectPhysicalDevice requestedDeviceIndex=-1 xrDevice=(nil)
INTEL-MESA: warning: Performance support disabled, consider sysctl dev.i915.perf_stream_paranoid=0

[Vulkan init] Physical Device 0xd9ff70 [0]: "Intel(R) UHD Graphics 620 (KBL GT2)" deviceType=1 vendorID=8086 deviceID=5917
[Vulkan init] Physical Device 0xda15c0 [1]: "GeForce MX130" deviceType=2 vendorID=10de deviceID=174d
[Vulkan init] Selected physical device 0xda15c0
[Vulkan init] Graphics queue count=1
[Vulkan init] extensions: count=86
[Vulkan init] extensions: name=VK_KHR_16bit_storage, enabled=0
[Vulkan init] extensions: name=VK_KHR_8bit_storage, enabled=0
[Vulkan init] extensions: name=VK_KHR_bind_memory2, enabled=0
[Vulkan init] extensions: name=VK_KHR_buffer_device_address, enabled=0
[Vulkan init] extensions: name=VK_KHR_create_renderpass2, enabled=0
[Vulkan init] extensions: name=VK_KHR_dedicated_allocation, enabled=1
[Vulkan init] extensions: name=VK_KHR_depth_stencil_resolve, enabled=0
[Vulkan init] extensions: name=VK_KHR_descriptor_update_template, enabled=1
[Vulkan init] extensions: name=VK_KHR_device_group, enabled=0
[Vulkan init] extensions: name=VK_KHR_draw_indirect_count, enabled=0
[Vulkan init] extensions: name=VK_KHR_driver_properties, enabled=0
[Vulkan init] extensions: name=VK_KHR_external_fence, enabled=0
[Vulkan init] extensions: name=VK_KHR_external_fence_fd, enabled=0
[Vulkan init] extensions: name=VK_KHR_external_memory, enabled=0
[Vulkan init] extensions: name=VK_KHR_external_memory_fd, enabled=0
[Vulkan init] extensions: name=VK_KHR_external_semaphore, enabled=0
[Vulkan init] extensions: name=VK_KHR_external_semaphore_fd, enabled=0
[Vulkan init] extensions: name=VK_KHR_get_memory_requirements2, enabled=1
[Vulkan init] extensions: name=VK_KHR_image_format_list, enabled=1
[Vulkan init] extensions: name=VK_KHR_imageless_framebuffer, enabled=0
[Vulkan init] extensions: name=VK_KHR_maintenance1, enabled=1
[Vulkan init] extensions: name=VK_KHR_maintenance2, enabled=1
[Vulkan init] extensions: name=VK_KHR_maintenance3, enabled=0
[Vulkan init] extensions: name=VK_KHR_multiview, enabled=1
[Vulkan init] extensions: name=VK_KHR_pipeline_executable_properties, enabled=0
[Vulkan init] extensions: name=VK_KHR_push_descriptor, enabled=0
[Vulkan init] extensions: name=VK_KHR_relaxed_block_layout, enabled=0
[Vulkan init] extensions: name=VK_KHR_sampler_mirror_clamp_to_edge, enabled=1
[Vulkan init] extensions: name=VK_KHR_sampler_ycbcr_conversion, enabled=0
[Vulkan init] extensions: name=VK_KHR_separate_depth_stencil_layouts, enabled=0
[Vulkan init] extensions: name=VK_KHR_shader_atomic_int64, enabled=0
[Vulkan init] extensions: name=VK_KHR_shader_clock, enabled=0
[Vulkan init] extensions: name=VK_KHR_shader_draw_parameters, enabled=0
[Vulkan init] extensions: name=VK_KHR_shader_float16_int8, enabled=0
[Vulkan init] extensions: name=VK_KHR_shader_float_controls, enabled=0
[Vulkan init] extensions: name=VK_KHR_shader_non_semantic_info, enabled=0
[Vulkan init] extensions: name=VK_KHR_shader_subgroup_extended_types, enabled=0
[Vulkan init] extensions: name=VK_KHR_spirv_1_4, enabled=0
[Vulkan init] extensions: name=VK_KHR_storage_buffer_storage_class, enabled=0
[Vulkan init] extensions: name=VK_KHR_swapchain, enabled=1
[Vulkan init] extensions: name=VK_KHR_swapchain_mutable_format, enabled=0
[Vulkan init] extensions: name=VK_KHR_timeline_semaphore, enabled=0
[Vulkan init] extensions: name=VK_KHR_uniform_buffer_standard_layout, enabled=0
[Vulkan init] extensions: name=VK_KHR_variable_pointers, enabled=0
[Vulkan init] extensions: name=VK_KHR_vulkan_memory_model, enabled=0
[Vulkan init] extensions: name=VK_EXT_blend_operation_advanced, enabled=0
[Vulkan init] extensions: name=VK_EXT_buffer_device_address, enabled=0
[Vulkan init] extensions: name=VK_EXT_calibrated_timestamps, enabled=0
[Vulkan init] extensions: name=VK_EXT_conditional_rendering, enabled=0
[Vulkan init] extensions: name=VK_EXT_custom_border_color, enabled=0
[Vulkan init] extensions: name=VK_EXT_depth_clip_enable, enabled=0
[Vulkan init] extensions: name=VK_EXT_depth_range_unrestricted, enabled=0
[Vulkan init] extensions: name=VK_EXT_descriptor_indexing, enabled=0
[Vulkan init] extensions: name=VK_EXT_discard_rectangles, enabled=0
[Vulkan init] extensions: name=VK_EXT_display_control, enabled=0
[Vulkan init] extensions: name=VK_EXT_external_memory_host, enabled=0
[Vulkan init] extensions: name=VK_EXT_global_priority, enabled=0
[Vulkan init] extensions: name=VK_EXT_host_query_reset, enabled=0
[Vulkan init] extensions: name=VK_EXT_index_type_uint8, enabled=0
[Vulkan init] extensions: name=VK_EXT_inline_uniform_block, enabled=0
[Vulkan init] extensions: name=VK_EXT_line_rasterization, enabled=0
[Vulkan init] extensions: name=VK_EXT_memory_budget, enabled=0
[Vulkan init] extensions: name=VK_EXT_pci_bus_info, enabled=0
[Vulkan init] extensions: name=VK_EXT_pipeline_creation_cache_control, enabled=0
[Vulkan init] extensions: name=VK_EXT_pipeline_creation_feedback, enabled=0
[Vulkan init] extensions: name=VK_EXT_private_data, enabled=0
[Vulkan init] extensions: name=VK_EXT_robustness2, enabled=0
[Vulkan init] extensions: name=VK_EXT_scalar_block_layout, enabled=0
[Vulkan init] extensions: name=VK_EXT_separate_stencil_usage, enabled=0
[Vulkan init] extensions: name=VK_EXT_shader_demote_to_helper_invocation, enabled=0
[Vulkan init] extensions: name=VK_EXT_shader_subgroup_ballot, enabled=0
[Vulkan init] extensions: name=VK_EXT_shader_subgroup_vote, enabled=0
[Vulkan init] extensions: name=VK_EXT_subgroup_size_control, enabled=0
[Vulkan init] extensions: name=VK_EXT_texel_buffer_alignment, enabled=0
[Vulkan init] extensions: name=VK_EXT_tooling_info, enabled=0
[Vulkan init] extensions: name=VK_EXT_transform_feedback, enabled=0
[Vulkan init] extensions: name=VK_EXT_vertex_attribute_divisor, enabled=0
[Vulkan init] extensions: name=VK_EXT_ycbcr_image_arrays, enabled=0
[Vulkan init] extensions: name=VK_NV_dedicated_allocation, enabled=0
[Vulkan init] extensions: name=VK_NV_dedicated_allocation_image_aliasing, enabled=0
[Vulkan init] extensions: name=VK_NV_device_diagnostic_checkpoints, enabled=0
[Vulkan init] extensions: name=VK_NV_device_diagnostics_config, enabled=0
[Vulkan init] extensions: name=VK_NV_device_generated_commands, enabled=0
[Vulkan init] extensions: name=VK_NV_shader_sm_builtins, enabled=0
[Vulkan init] extensions: name=VK_NV_shader_subgroup_partitioned, enabled=0
[Vulkan init] extensions: name=VK_NVX_multiview_per_view_attributes, enabled=0
Fossilize INFO: Overriding serialization path: "/home/alessandra/.local/share/Steam/steamapps/shadercache/1049410/fozpipelinesv4/steamapprun_pipeline_cache".
Vulkan API version 1.1.0 (1.2.142 supported by driver)
Vulkan vendor=[NVIDIA] id=[10de]
Vulkan renderer=[GeForce MX130] id=[174d]
Vulkan device type 2
Vulkan driverversion=[0x71cb4040] uint=[1909145664]
Vulkan PSO: cache data not found [path=/tmp/PillowCastle/SuperliminalSteam/vulkan_pso_cache.bin]
Begin MonoManager ReloadAssembly
- Completed reload, in  2.328 seconds
requesting resize 1920 x 1080
Using native desktop resolution 1360 x 768
requesting fullscreen 1360 x 768 at 0 Hz
Desktop is 1360 x 768 @ 60 Hz
InitializeOrResetSwapChain 1360x768 hdr=0 samples=1
Couldn't create a Convex Mesh from source mesh "Dolly_001_Back_Prop" within the maximum polygons limit (256). The partial hull will be used. Consider simplifying your mesh. 
(Filename:  Line: 91)

Couldn't create a Convex Mesh from source mesh "Pillow_001_Common_Prop" within the maximum polygons limit (256). The partial hull will be used. Consider simplifying your mesh. 
(Filename:  Line: 91)

Couldn't create a Convex Mesh from source mesh "Rubber_Duck_Common" within the maximum polygons limit (256). The partial hull will be used. Consider simplifying your mesh. 
(Filename:  Line: 91)

Couldn't create a Convex Mesh from source mesh "Chess_Trophy_Common_Gameplay" within the maximum polygons limit (256). The partial hull will be used. Consider simplifying your mesh. 
(Filename:  Line: 91)

Couldn't create a Convex Mesh from source mesh "polySurface20" within the maximum polygons limit (256). The partial hull will be used. Consider simplifying your mesh. 
(Filename:  Line: 91)

The referenced script on this Behaviour (Game Object '<null>') is missing! 
(Filename:  Line: 334)

The referenced script on this Behaviour (Game Object '<null>') is missing! 
(Filename:  Line: 334)

The referenced script on this Behaviour (Game Object '<null>') is missing! 
(Filename:  Line: 334)

The referenced script on this Behaviour (Game Object '<null>') is missing! 
(Filename:  Line: 334)

The referenced script on this Behaviour (Game Object 'Main Camera') is missing! 
(Filename:  Line: 334)

The referenced script on this Behaviour (Game Object 'FMOD Audio Controller') is missing! 
(Filename:  Line: 334)

The referenced script on this Behaviour (Game Object 'FMOD Audio Controller') is missing! 
(Filename:  Line: 334)

The referenced script on this Behaviour (Game Object 'Main Camera') is missing! 
(Filename:  Line: 334)

The referenced script on this Behaviour (Game Object 'FMOD Audio Controller') is missing! 
(Filename:  Line: 334)

The referenced script on this Behaviour (Game Object 'Main Camera') is missing! 
(Filename:  Line: 334)

The referenced script on this Behaviour (Game Object 'Main Camera') is missing! 
(Filename:  Line: 334)

The referenced script on this Behaviour (Game Object 'FMOD Audio Controller') is missing! 
(Filename:  Line: 334)

The referenced script on this Behaviour (Game Object 'Main Camera') is missing! 
(Filename:  Line: 334)

The referenced script on this Behaviour (Game Object 'Player VR') is missing! 
(Filename:  Line: 334)

The referenced script on this Behaviour (Game Object 'Main Camera') is missing! 
(Filename:  Line: 334)

UnloadTime: 11.415223 ms
ERROR: ld.so: object '/home/alessandra/.local/share/Steam/ubuntu12_32/gameoverlayrenderer.so' from LD_PRELOAD cannot be preloaded (wrong ELF class: ELFCLASS32): ignored.
[S_API] SteamAPI_Init(): Loaded '/home/alessandra/.local/share/Steam/linux64/steamclient.so' OK.
Setting breakpad minidump AppID = 1049410
SteamInternal_SetMinidumpSteamID:  Caching Steam ID:  76561198101350218 [API loaded no]
Unloading 6 Unused Serialized files (Serialized files now loaded: 0)

Unloading 29 unused Assets to reduce memory usage. Loaded Objects now: 15695.
Total: 43.565053 ms (FindLiveObjects: 1.045370 ms CreateObjectMapping: 0.450530 ms MarkObjects: 41.671196 ms  DeleteObjects: 0.397102 ms)

Desktop is 1360 x 768 @ 60 Hz
FMOD Studio Integration: Please add an 'FMOD Studio Listener' component to your a camera in the scene for correct 3D positioning of sounds 
(Filename: ./Runtime/Export/Debug/Debug.bindings.h Line: 35)

Setting up 4 worker threads for Enlighten.
  Thread -> id: 7f14c3000640 -> priority: 1 
  Thread -> id: 7f14c27ff640 -> priority: 1 
  Thread -> id: 7f14c1ffe640 -> priority: 1 
  Thread -> id: 7f14c17fd640 -> priority: 1 
Vulkan PSO: data extracted [new size=911028, old size=0, incomplete=0]
Vulkan PSO: Saved size[911028] path[/tmp/PillowCastle/SuperliminalSteam/vulkan_pso_cache.bin] success=1 headerChanged=1 sizeChanged=1
