Looking for git in: git
Using git 2.29.2 from git
> git rev-parse --git-dir
Open repository: /home/alessandra/git-sources/xgammer
> git status -z -u
> git symbolic-ref --short HEAD
> git rev-parse master
> git rev-parse --symbolic-full-name master@{u}
fatal: no upstream configured for branch 'master'
> git for-each-ref --sort -committerdate --format %(refname) %(objectname)
> git remote --verbose
> git config --get commit.template
> git check-ignore -v -z --stdin
> git show --textconv :src/app/cuenta/cuenta.component.scss
> git ls-files --stage -- /home/alessandra/git-sources/xgammer/src/app/cuenta/cuenta.component.scss
> git show --textconv :src/app/barra/barra.component.scss
> git ls-files --stage -- /home/alessandra/git-sources/xgammer/src/app/barra/barra.component.scss
> git show --textconv :src/app/cuenta/cuenta.component.html
> git ls-files --stage -- /home/alessandra/git-sources/xgammer/src/app/cuenta/cuenta.component.html
> git rev-parse --git-dir
Open repository: /home/alessandra/git-sources/xgammer2
> git status -z -u
> git symbolic-ref --short HEAD
> git rev-parse master
> git rev-parse --symbolic-full-name master@{u}
fatal: no upstream configured for branch 'master'
> git for-each-ref --sort -committerdate --format %(refname) %(objectname)
> git remote --verbose
> git config --get commit.template
> git show --textconv :src/app/cuenta/cuenta.component.html
> git ls-files --stage -- /home/alessandra/git-sources/xgammer2/src/app/cuenta/cuenta.component.html
> git check-ignore -v -z --stdin
> git check-ignore -v -z --stdin
> git show --textconv :src/app/cuenta/cuenta.component.scss
> git ls-files --stage -- /home/alessandra/git-sources/xgammer2/src/app/cuenta/cuenta.component.scss
> git check-ignore -v -z --stdin
> git show --textconv :src/app/cuenta/cuenta.component.html
> git ls-files --stage -- /home/alessandra/git-sources/xgammer2/src/app/cuenta/cuenta.component.html
> git show --textconv :src/app/cuenta/cuenta.component.html
> git ls-files --stage -- /home/alessandra/git-sources/xgammer/src/app/cuenta/cuenta.component.html
> git status -z -u
> git symbolic-ref --short HEAD
> git rev-parse master
> git rev-parse --symbolic-full-name master@{u}
fatal: no upstream configured for branch 'master'
> git for-each-ref --sort -committerdate --format %(refname) %(objectname)
> git remote --verbose
> git config --get commit.template
> git show --textconv :src/app/cuenta/cuenta.component.html
> git ls-files --stage -- /home/alessandra/git-sources/xgammer2/src/app/cuenta/cuenta.component.html
> git show --textconv :src/app/cuenta/cuenta.component.scss
> git ls-files --stage -- /home/alessandra/git-sources/xgammer2/src/app/cuenta/cuenta.component.scss
> git show --textconv :src/app/cuenta/cuenta.component.html
> git ls-files --stage -- /home/alessandra/git-sources/xgammer2/src/app/cuenta/cuenta.component.html
> git show --textconv :src/app/cuenta/cuenta.component.scss
> git ls-files --stage -- /home/alessandra/git-sources/xgammer/src/app/cuenta/cuenta.component.scss
> git status -z -u
> git symbolic-ref --short HEAD
> git rev-parse master
> git rev-parse --symbolic-full-name master@{u}
fatal: no upstream configured for branch 'master'
> git for-each-ref --sort -committerdate --format %(refname) %(objectname)
> git remote --verbose
> git config --get commit.template
> git show --textconv :src/app/cuenta/cuenta.component.scss
> git ls-files --stage -- /home/alessandra/git-sources/xgammer2/src/app/cuenta/cuenta.component.scss
> git show --textconv :src/app/cuenta/cuenta.component.html
> git ls-files --stage -- /home/alessandra/git-sources/xgammer/src/app/cuenta/cuenta.component.html
> git status -z -u
> git symbolic-ref --short HEAD
> git rev-parse master
> git rev-parse --symbolic-full-name master@{u}
fatal: no upstream configured for branch 'master'
> git for-each-ref --sort -committerdate --format %(refname) %(objectname)
> git remote --verbose
> git config --get commit.template
> git check-ignore -v -z --stdin
